2025-06-07 16:15:07.783 [main] WARN  c.c.service.impl.UsuarioServiceImpl - Intento de recuperación con email inválido: null
2025-06-07 16:15:07.795 [main] INFO  c.c.service.impl.UsuarioServiceImpl - Se envió nueva contraseña al usuario con email: inactivo@test.com
2025-06-07 16:15:07.802 [main] INFO  c.c.service.impl.UsuarioServiceImpl - Se envió nueva contraseña al usuario con email: usuario@test.com
2025-06-07 16:15:07.806 [main] WARN  c.c.service.impl.UsuarioServiceImpl - Recuperación fallida: no existe usuario con el email inexistente@test.com
2025-06-07 16:15:07.809 [main] WARN  c.c.service.impl.UsuarioServiceImpl - Intento de recuperación con email inválido: email-invalido
2025-06-07 16:15:07.812 [main] INFO  c.c.service.impl.UsuarioServiceImpl - Se envió nueva contraseña al usuario con email: test@test.com
2025-06-07 16:15:07.814 [main] INFO  c.c.service.impl.UsuarioServiceImpl - Se envió nueva contraseña al usuario con email: test@test.com
2025-06-07 16:20:01.726 [main] WARN  c.c.service.impl.UsuarioServiceImpl - Intento de recuperación con email inválido: null
2025-06-07 16:20:01.739 [main] INFO  c.c.service.impl.UsuarioServiceImpl - Se envió nueva contraseña al usuario con email: inactivo@test.com
2025-06-07 16:20:01.744 [main] INFO  c.c.service.impl.UsuarioServiceImpl - Se envió nueva contraseña al usuario con email: usuario@test.com
2025-06-07 16:20:01.749 [main] WARN  c.c.service.impl.UsuarioServiceImpl - Recuperación fallida: no existe usuario con el email inexistente@test.com
2025-06-07 16:20:01.752 [main] WARN  c.c.service.impl.UsuarioServiceImpl - Intento de recuperación con email inválido: email-invalido
2025-06-07 16:20:01.756 [main] INFO  c.c.service.impl.UsuarioServiceImpl - Se envió nueva contraseña al usuario con email: test@test.com
2025-06-07 16:20:01.756 [main] INFO  c.c.service.impl.UsuarioServiceImpl - Se envió nueva contraseña al usuario con email: test@test.com
2025-06-07 16:31:09.126 [http-nio-8081-exec-1] INFO  c.c.controller.AuthController - Intento de registro para email: unknown
2025-06-07 16:31:09.129 [http-nio-8081-exec-1] WARN  c.c.controller.AuthController - Registro fallido: campos obligatorios vacíos para email: unknown
2025-06-07 16:33:56.734 [http-nio-8081-exec-2] INFO  c.c.controller.AuthController - Intento de registro para email: unknown
2025-06-07 16:33:56.734 [http-nio-8081-exec-2] WARN  c.c.controller.AuthController - Registro fallido: campos obligatorios vacíos para email: unknown
2025-06-07 16:35:29.470 [http-nio-8081-exec-3] INFO  c.c.controller.AuthController - Intento de registro para email: unknown
2025-06-07 16:35:29.470 [http-nio-8081-exec-3] WARN  c.c.controller.AuthController - Registro fallido: campos obligatorios vacíos para email: unknown
2025-06-07 16:37:45.004 [http-nio-8081-exec-4] INFO  c.c.controller.AuthController - Intento de registro para email: unknown
2025-06-07 16:37:45.004 [http-nio-8081-exec-4] WARN  c.c.controller.AuthController - Registro fallido: campos obligatorios vacíos para email: unknown
2025-06-07 16:39:25.310 [http-nio-8081-exec-1] INFO  c.c.controller.AuthController - RegistroRequest recibido - correo: test@email.com, nombre: Test, apellido: Usuario
2025-06-07 16:39:25.312 [http-nio-8081-exec-1] INFO  c.c.controller.AuthController - Intento de registro para email: tes***@email.com
2025-06-07 16:39:25.792 [http-nio-8081-exec-1] ERROR c.c.controller.AuthController - Error interno durante el registro para email tes***@email.com: could not execute statement [Field 'activo' doesn't have a default value] [insert into usuario (activado,apellido,direccion,correo,fecha_registro,nombre,numero_documento,password,rol,telefono,tipo_documento) values (?,?,?,?,?,?,?,?,?,?,?)]
org.springframework.orm.jpa.JpaSystemException: could not execute statement [Field 'activo' doesn't have a default value] [insert into usuario (activado,apellido,direccion,correo,fecha_registro,nombre,numero_documento,password,rol,telefono,tipo_documento) values (?,?,?,?,?,?,?,?,?,?,?)]
	at org.springframework.orm.jpa.vendor.HibernateJpaDialect.convertHibernateAccessException(HibernateJpaDialect.java:348)
	at org.springframework.orm.jpa.vendor.HibernateJpaDialect.convertHibernateAccessException(HibernateJpaDialect.java:256)
	at org.springframework.orm.jpa.vendor.HibernateJpaDialect.translateExceptionIfPossible(HibernateJpaDialect.java:241)
	at org.springframework.orm.jpa.AbstractEntityManagerFactoryBean.translateExceptionIfPossible(AbstractEntityManagerFactoryBean.java:560)
	at org.springframework.dao.support.ChainedPersistenceExceptionTranslator.translateExceptionIfPossible(ChainedPersistenceExceptionTranslator.java:61)
	at org.springframework.dao.support.DataAccessUtils.translateIfNecessary(DataAccessUtils.java:343)
	at org.springframework.dao.support.PersistenceExceptionTranslationInterceptor.invoke(PersistenceExceptionTranslationInterceptor.java:160)
	at org.springframework.aop.framework.ReflectiveMethodInvocation.proceed(ReflectiveMethodInvocation.java:184)
	at org.springframework.data.jpa.repository.support.CrudMethodMetadataPostProcessor$CrudMethodMetadataPopulatingMethodInterceptor.invoke(CrudMethodMetadataPostProcessor.java:165)
	at org.springframework.aop.framework.ReflectiveMethodInvocation.proceed(ReflectiveMethodInvocation.java:184)
	at org.springframework.aop.framework.JdkDynamicAopProxy.invoke(JdkDynamicAopProxy.java:223)
	at jdk.proxy2/jdk.proxy2.$Proxy124.save(Unknown Source)
	at com.comoencasa_backend.controller.AuthController.registrar(AuthController.java:164)
	at java.base/jdk.internal.reflect.DirectMethodHandleAccessor.invoke(DirectMethodHandleAccessor.java:104)
	at java.base/java.lang.reflect.Method.invoke(Method.java:565)
	at org.springframework.web.method.support.InvocableHandlerMethod.doInvoke(InvocableHandlerMethod.java:258)
	at org.springframework.web.method.support.InvocableHandlerMethod.invokeForRequest(InvocableHandlerMethod.java:191)
	at org.springframework.web.servlet.mvc.method.annotation.ServletInvocableHandlerMethod.invokeAndHandle(ServletInvocableHandlerMethod.java:118)
	at org.springframework.web.servlet.mvc.method.annotation.RequestMappingHandlerAdapter.invokeHandlerMethod(RequestMappingHandlerAdapter.java:986)
	at org.springframework.web.servlet.mvc.method.annotation.RequestMappingHandlerAdapter.handleInternal(RequestMappingHandlerAdapter.java:891)
	at org.springframework.web.servlet.mvc.method.AbstractHandlerMethodAdapter.handle(AbstractHandlerMethodAdapter.java:87)
	at org.springframework.web.servlet.DispatcherServlet.doDispatch(DispatcherServlet.java:1089)
	at org.springframework.web.servlet.DispatcherServlet.doService(DispatcherServlet.java:979)
	at org.springframework.web.servlet.FrameworkServlet.processRequest(FrameworkServlet.java:1014)
	at org.springframework.web.servlet.FrameworkServlet.doPost(FrameworkServlet.java:914)
	at jakarta.servlet.http.HttpServlet.service(HttpServlet.java:590)
	at org.springframework.web.servlet.FrameworkServlet.service(FrameworkServlet.java:885)
	at jakarta.servlet.http.HttpServlet.service(HttpServlet.java:658)
	at org.apache.catalina.core.ApplicationFilterChain.internalDoFilter(ApplicationFilterChain.java:195)
	at org.apache.catalina.core.ApplicationFilterChain.doFilter(ApplicationFilterChain.java:140)
	at org.apache.tomcat.websocket.server.WsFilter.doFilter(WsFilter.java:51)
	at org.apache.catalina.core.ApplicationFilterChain.internalDoFilter(ApplicationFilterChain.java:164)
	at org.apache.catalina.core.ApplicationFilterChain.doFilter(ApplicationFilterChain.java:140)
	at org.springframework.web.filter.CompositeFilter$VirtualFilterChain.doFilter(CompositeFilter.java:108)
	at org.springframework.security.web.FilterChainProxy.lambda$doFilterInternal$3(FilterChainProxy.java:231)
	at org.springframework.security.web.FilterChainProxy$VirtualFilterChain.doFilter(FilterChainProxy.java:365)
	at org.springframework.security.web.access.intercept.AuthorizationFilter.doFilter(AuthorizationFilter.java:101)
	at org.springframework.security.web.FilterChainProxy$VirtualFilterChain.doFilter(FilterChainProxy.java:374)
	at org.springframework.security.web.access.ExceptionTranslationFilter.doFilter(ExceptionTranslationFilter.java:126)
	at org.springframework.security.web.access.ExceptionTranslationFilter.doFilter(ExceptionTranslationFilter.java:120)
	at org.springframework.security.web.FilterChainProxy$VirtualFilterChain.doFilter(FilterChainProxy.java:374)
	at org.springframework.security.web.session.SessionManagementFilter.doFilter(SessionManagementFilter.java:131)
	at org.springframework.security.web.session.SessionManagementFilter.doFilter(SessionManagementFilter.java:85)
	at org.springframework.security.web.FilterChainProxy$VirtualFilterChain.doFilter(FilterChainProxy.java:374)
	at org.springframework.security.web.authentication.AnonymousAuthenticationFilter.doFilter(AnonymousAuthenticationFilter.java:100)
	at org.springframework.security.web.FilterChainProxy$VirtualFilterChain.doFilter(FilterChainProxy.java:374)
	at org.springframework.security.web.servletapi.SecurityContextHolderAwareRequestFilter.doFilter(SecurityContextHolderAwareRequestFilter.java:179)
	at org.springframework.security.web.FilterChainProxy$VirtualFilterChain.doFilter(FilterChainProxy.java:374)
	at org.springframework.security.web.savedrequest.RequestCacheAwareFilter.doFilter(RequestCacheAwareFilter.java:63)
	at org.springframework.security.web.FilterChainProxy$VirtualFilterChain.doFilter(FilterChainProxy.java:374)
	at org.springframework.security.web.authentication.logout.LogoutFilter.doFilter(LogoutFilter.java:107)
	at org.springframework.security.web.authentication.logout.LogoutFilter.doFilter(LogoutFilter.java:93)
	at org.springframework.security.web.FilterChainProxy$VirtualFilterChain.doFilter(FilterChainProxy.java:374)
	at org.springframework.web.filter.CorsFilter.doFilterInternal(CorsFilter.java:91)
	at org.springframework.web.filter.OncePerRequestFilter.doFilter(OncePerRequestFilter.java:116)
	at org.springframework.security.web.FilterChainProxy$VirtualFilterChain.doFilter(FilterChainProxy.java:374)
	at org.springframework.security.web.header.HeaderWriterFilter.doHeadersAfter(HeaderWriterFilter.java:90)
	at org.springframework.security.web.header.HeaderWriterFilter.doFilterInternal(HeaderWriterFilter.java:75)
	at org.springframework.web.filter.OncePerRequestFilter.doFilter(OncePerRequestFilter.java:116)
	at org.springframework.security.web.FilterChainProxy$VirtualFilterChain.doFilter(FilterChainProxy.java:374)
	at org.springframework.security.web.context.SecurityContextHolderFilter.doFilter(SecurityContextHolderFilter.java:82)
	at org.springframework.security.web.context.SecurityContextHolderFilter.doFilter(SecurityContextHolderFilter.java:69)
	at org.springframework.security.web.FilterChainProxy$VirtualFilterChain.doFilter(FilterChainProxy.java:374)
	at org.springframework.security.web.context.request.async.WebAsyncManagerIntegrationFilter.doFilterInternal(WebAsyncManagerIntegrationFilter.java:62)
	at org.springframework.web.filter.OncePerRequestFilter.doFilter(OncePerRequestFilter.java:116)
	at org.springframework.security.web.FilterChainProxy$VirtualFilterChain.doFilter(FilterChainProxy.java:374)
	at org.springframework.security.web.session.DisableEncodeUrlFilter.doFilterInternal(DisableEncodeUrlFilter.java:42)
	at org.springframework.web.filter.OncePerRequestFilter.doFilter(OncePerRequestFilter.java:116)
	at org.springframework.security.web.FilterChainProxy$VirtualFilterChain.doFilter(FilterChainProxy.java:374)
	at org.springframework.security.web.FilterChainProxy.doFilterInternal(FilterChainProxy.java:233)
	at org.springframework.security.web.FilterChainProxy.doFilter(FilterChainProxy.java:191)
	at org.springframework.web.filter.CompositeFilter$VirtualFilterChain.doFilter(CompositeFilter.java:113)
	at org.springframework.web.servlet.handler.HandlerMappingIntrospector.lambda$createCacheFilter$3(HandlerMappingIntrospector.java:243)
	at org.springframework.web.filter.CompositeFilter$VirtualFilterChain.doFilter(CompositeFilter.java:113)
	at org.springframework.web.filter.CompositeFilter.doFilter(CompositeFilter.java:74)
	at org.springframework.security.config.annotation.web.configuration.WebMvcSecurityConfiguration$CompositeFilterChainProxy.doFilter(WebMvcSecurityConfiguration.java:238)
	at org.springframework.web.filter.DelegatingFilterProxy.invokeDelegate(DelegatingFilterProxy.java:362)
	at org.springframework.web.filter.DelegatingFilterProxy.doFilter(DelegatingFilterProxy.java:278)
	at org.apache.catalina.core.ApplicationFilterChain.internalDoFilter(ApplicationFilterChain.java:164)
	at org.apache.catalina.core.ApplicationFilterChain.doFilter(ApplicationFilterChain.java:140)
	at org.springframework.web.filter.RequestContextFilter.doFilterInternal(RequestContextFilter.java:100)
	at org.springframework.web.filter.OncePerRequestFilter.doFilter(OncePerRequestFilter.java:116)
	at org.apache.catalina.core.ApplicationFilterChain.internalDoFilter(ApplicationFilterChain.java:164)
	at org.apache.catalina.core.ApplicationFilterChain.doFilter(ApplicationFilterChain.java:140)
	at org.springframework.web.filter.FormContentFilter.doFilterInternal(FormContentFilter.java:93)
	at org.springframework.web.filter.OncePerRequestFilter.doFilter(OncePerRequestFilter.java:116)
	at org.apache.catalina.core.ApplicationFilterChain.internalDoFilter(ApplicationFilterChain.java:164)
	at org.apache.catalina.core.ApplicationFilterChain.doFilter(ApplicationFilterChain.java:140)
	at org.springframework.web.filter.CharacterEncodingFilter.doFilterInternal(CharacterEncodingFilter.java:201)
	at org.springframework.web.filter.OncePerRequestFilter.doFilter(OncePerRequestFilter.java:116)
	at org.apache.catalina.core.ApplicationFilterChain.internalDoFilter(ApplicationFilterChain.java:164)
	at org.apache.catalina.core.ApplicationFilterChain.doFilter(ApplicationFilterChain.java:140)
	at org.apache.catalina.core.StandardWrapperValve.invoke(StandardWrapperValve.java:167)
	at org.apache.catalina.core.StandardContextValve.invoke(StandardContextValve.java:90)
	at org.apache.catalina.authenticator.AuthenticatorBase.invoke(AuthenticatorBase.java:483)
	at org.apache.catalina.core.StandardHostValve.invoke(StandardHostValve.java:116)
	at org.apache.catalina.valves.ErrorReportValve.invoke(ErrorReportValve.java:93)
	at org.apache.catalina.core.StandardEngineValve.invoke(StandardEngineValve.java:74)
	at org.apache.catalina.connector.CoyoteAdapter.service(CoyoteAdapter.java:344)
	at org.apache.coyote.http11.Http11Processor.service(Http11Processor.java:398)
	at org.apache.coyote.AbstractProcessorLight.process(AbstractProcessorLight.java:63)
	at org.apache.coyote.AbstractProtocol$ConnectionHandler.process(AbstractProtocol.java:903)
	at org.apache.tomcat.util.net.NioEndpoint$SocketProcessor.doRun(NioEndpoint.java:1740)
	at org.apache.tomcat.util.net.SocketProcessorBase.run(SocketProcessorBase.java:52)
	at org.apache.tomcat.util.threads.ThreadPoolExecutor.runWorker(ThreadPoolExecutor.java:1189)
	at org.apache.tomcat.util.threads.ThreadPoolExecutor$Worker.run(ThreadPoolExecutor.java:658)
	at org.apache.tomcat.util.threads.TaskThread$WrappingRunnable.run(TaskThread.java:63)
	at java.base/java.lang.Thread.run(Thread.java:1447)
Caused by: org.hibernate.exception.GenericJDBCException: could not execute statement [Field 'activo' doesn't have a default value] [insert into usuario (activado,apellido,direccion,correo,fecha_registro,nombre,numero_documento,password,rol,telefono,tipo_documento) values (?,?,?,?,?,?,?,?,?,?,?)]
	at org.hibernate.exception.internal.StandardSQLExceptionConverter.convert(StandardSQLExceptionConverter.java:63)
	at org.hibernate.engine.jdbc.spi.SqlExceptionHelper.convert(SqlExceptionHelper.java:108)
	at org.hibernate.engine.jdbc.internal.ResultSetReturnImpl.executeUpdate(ResultSetReturnImpl.java:197)
	at org.hibernate.id.insert.GetGeneratedKeysDelegate.performMutation(GetGeneratedKeysDelegate.java:116)
	at org.hibernate.engine.jdbc.mutation.internal.MutationExecutorSingleNonBatched.performNonBatchedOperations(MutationExecutorSingleNonBatched.java:47)
	at org.hibernate.engine.jdbc.mutation.internal.AbstractMutationExecutor.execute(AbstractMutationExecutor.java:55)
	at org.hibernate.persister.entity.mutation.InsertCoordinatorStandard.doStaticInserts(InsertCoordinatorStandard.java:194)
	at org.hibernate.persister.entity.mutation.InsertCoordinatorStandard.coordinateInsert(InsertCoordinatorStandard.java:132)
	at org.hibernate.persister.entity.mutation.InsertCoordinatorStandard.insert(InsertCoordinatorStandard.java:95)
	at org.hibernate.action.internal.EntityIdentityInsertAction.execute(EntityIdentityInsertAction.java:85)
	at org.hibernate.engine.spi.ActionQueue.execute(ActionQueue.java:682)
	at org.hibernate.engine.spi.ActionQueue.addResolvedEntityInsertAction(ActionQueue.java:293)
	at org.hibernate.engine.spi.ActionQueue.addInsertAction(ActionQueue.java:274)
	at org.hibernate.engine.spi.ActionQueue.addAction(ActionQueue.java:324)
	at org.hibernate.event.internal.AbstractSaveEventListener.addInsertAction(AbstractSaveEventListener.java:393)
	at org.hibernate.event.internal.AbstractSaveEventListener.performSaveOrReplicate(AbstractSaveEventListener.java:307)
	at org.hibernate.event.internal.AbstractSaveEventListener.performSave(AbstractSaveEventListener.java:223)
	at org.hibernate.event.internal.AbstractSaveEventListener.saveWithGeneratedId(AbstractSaveEventListener.java:136)
	at org.hibernate.event.internal.DefaultPersistEventListener.entityIsTransient(DefaultPersistEventListener.java:177)
	at org.hibernate.event.internal.DefaultPersistEventListener.persist(DefaultPersistEventListener.java:95)
	at org.hibernate.event.internal.DefaultPersistEventListener.onPersist(DefaultPersistEventListener.java:79)
	at org.hibernate.event.internal.DefaultPersistEventListener.onPersist(DefaultPersistEventListener.java:55)
	at org.hibernate.event.service.internal.EventListenerGroupImpl.fireEventOnEachListener(EventListenerGroupImpl.java:127)
	at org.hibernate.internal.SessionImpl.firePersist(SessionImpl.java:761)
	at org.hibernate.internal.SessionImpl.persist(SessionImpl.java:745)
	at java.base/jdk.internal.reflect.DirectMethodHandleAccessor.invoke(DirectMethodHandleAccessor.java:104)
	at java.base/java.lang.reflect.Method.invoke(Method.java:565)
	at org.springframework.orm.jpa.ExtendedEntityManagerCreator$ExtendedEntityManagerInvocationHandler.invoke(ExtendedEntityManagerCreator.java:364)
	at jdk.proxy2/jdk.proxy2.$Proxy120.persist(Unknown Source)
	at java.base/jdk.internal.reflect.DirectMethodHandleAccessor.invoke(DirectMethodHandleAccessor.java:104)
	at java.base/java.lang.reflect.Method.invoke(Method.java:565)
	at org.springframework.orm.jpa.SharedEntityManagerCreator$SharedEntityManagerInvocationHandler.invoke(SharedEntityManagerCreator.java:320)
	at jdk.proxy2/jdk.proxy2.$Proxy120.persist(Unknown Source)
	at org.springframework.data.jpa.repository.support.SimpleJpaRepository.save(SimpleJpaRepository.java:636)
	at java.base/jdk.internal.reflect.DirectMethodHandleAccessor.invoke(DirectMethodHandleAccessor.java:104)
	at java.base/java.lang.reflect.Method.invoke(Method.java:565)
	at org.springframework.aop.support.AopUtils.invokeJoinpointUsingReflection(AopUtils.java:359)
	at org.springframework.data.repository.core.support.RepositoryMethodInvoker$RepositoryFragmentMethodInvoker.lambda$new$0(RepositoryMethodInvoker.java:277)
	at org.springframework.data.repository.core.support.RepositoryMethodInvoker.doInvoke(RepositoryMethodInvoker.java:170)
	at org.springframework.data.repository.core.support.RepositoryMethodInvoker.invoke(RepositoryMethodInvoker.java:158)
	at org.springframework.data.repository.core.support.RepositoryComposition$RepositoryFragments.invoke(RepositoryComposition.java:515)
	at org.springframework.data.repository.core.support.RepositoryComposition.invoke(RepositoryComposition.java:284)
	at org.springframework.data.repository.core.support.RepositoryFactorySupport$ImplementationMethodExecutionInterceptor.invoke(RepositoryFactorySupport.java:731)
	at org.springframework.aop.framework.ReflectiveMethodInvocation.proceed(ReflectiveMethodInvocation.java:184)
	at org.springframework.data.repository.core.support.QueryExecutorMethodInterceptor.doInvoke(QueryExecutorMethodInterceptor.java:174)
	at org.springframework.data.repository.core.support.QueryExecutorMethodInterceptor.invoke(QueryExecutorMethodInterceptor.java:149)
	at org.springframework.aop.framework.ReflectiveMethodInvocation.proceed(ReflectiveMethodInvocation.java:184)
	at org.springframework.data.projection.DefaultMethodInvokingMethodInterceptor.invoke(DefaultMethodInvokingMethodInterceptor.java:69)
	at org.springframework.aop.framework.ReflectiveMethodInvocation.proceed(ReflectiveMethodInvocation.java:184)
	at org.springframework.transaction.interceptor.TransactionAspectSupport.invokeWithinTransaction(TransactionAspectSupport.java:380)
	at org.springframework.transaction.interceptor.TransactionInterceptor.invoke(TransactionInterceptor.java:119)
	at org.springframework.aop.framework.ReflectiveMethodInvocation.proceed(ReflectiveMethodInvocation.java:184)
	at org.springframework.dao.support.PersistenceExceptionTranslationInterceptor.invoke(PersistenceExceptionTranslationInterceptor.java:138)
	... 101 common frames omitted
Caused by: java.sql.SQLException: Field 'activo' doesn't have a default value
	at com.mysql.cj.jdbc.exceptions.SQLError.createSQLException(SQLError.java:121)
	at com.mysql.cj.jdbc.exceptions.SQLExceptionsMapping.translateException(SQLExceptionsMapping.java:114)
	at com.mysql.cj.jdbc.ClientPreparedStatement.executeInternal(ClientPreparedStatement.java:988)
	at com.mysql.cj.jdbc.ClientPreparedStatement.executeUpdateInternal(ClientPreparedStatement.java:1166)
	at com.mysql.cj.jdbc.ClientPreparedStatement.executeUpdateInternal(ClientPreparedStatement.java:1101)
	at com.mysql.cj.jdbc.ClientPreparedStatement.executeLargeUpdate(ClientPreparedStatement.java:1467)
	at com.mysql.cj.jdbc.ClientPreparedStatement.executeUpdate(ClientPreparedStatement.java:1084)
	at com.zaxxer.hikari.pool.ProxyPreparedStatement.executeUpdate(ProxyPreparedStatement.java:61)
	at com.zaxxer.hikari.pool.HikariProxyPreparedStatement.executeUpdate(HikariProxyPreparedStatement.java)
	at org.hibernate.engine.jdbc.internal.ResultSetReturnImpl.executeUpdate(ResultSetReturnImpl.java:194)
	... 151 common frames omitted
2025-06-07 16:47:05.143 [http-nio-8081-exec-1] INFO  c.c.controller.AuthController - RegistroRequest recibido - correo: test@email.com, nombre: Test, apellido: Usuario
2025-06-07 16:47:05.145 [http-nio-8081-exec-1] INFO  c.c.controller.AuthController - Intento de registro para email: tes***@email.com
2025-06-07 16:47:05.659 [http-nio-8081-exec-1] ERROR c.c.controller.AuthController - Error interno durante el registro para email tes***@email.com: could not execute statement [Field 'nombre_completo' doesn't have a default value] [insert into usuario (activo,apellido,direccion,correo,fecha_registro,nombre,numero_documento,password,rol,telefono,tipo_documento) values (?,?,?,?,?,?,?,?,?,?,?)]
org.springframework.orm.jpa.JpaSystemException: could not execute statement [Field 'nombre_completo' doesn't have a default value] [insert into usuario (activo,apellido,direccion,correo,fecha_registro,nombre,numero_documento,password,rol,telefono,tipo_documento) values (?,?,?,?,?,?,?,?,?,?,?)]
	at org.springframework.orm.jpa.vendor.HibernateJpaDialect.convertHibernateAccessException(HibernateJpaDialect.java:348)
	at org.springframework.orm.jpa.vendor.HibernateJpaDialect.convertHibernateAccessException(HibernateJpaDialect.java:256)
	at org.springframework.orm.jpa.vendor.HibernateJpaDialect.translateExceptionIfPossible(HibernateJpaDialect.java:241)
	at org.springframework.orm.jpa.AbstractEntityManagerFactoryBean.translateExceptionIfPossible(AbstractEntityManagerFactoryBean.java:560)
	at org.springframework.dao.support.ChainedPersistenceExceptionTranslator.translateExceptionIfPossible(ChainedPersistenceExceptionTranslator.java:61)
	at org.springframework.dao.support.DataAccessUtils.translateIfNecessary(DataAccessUtils.java:343)
	at org.springframework.dao.support.PersistenceExceptionTranslationInterceptor.invoke(PersistenceExceptionTranslationInterceptor.java:160)
	at org.springframework.aop.framework.ReflectiveMethodInvocation.proceed(ReflectiveMethodInvocation.java:184)
	at org.springframework.data.jpa.repository.support.CrudMethodMetadataPostProcessor$CrudMethodMetadataPopulatingMethodInterceptor.invoke(CrudMethodMetadataPostProcessor.java:165)
	at org.springframework.aop.framework.ReflectiveMethodInvocation.proceed(ReflectiveMethodInvocation.java:184)
	at org.springframework.aop.framework.JdkDynamicAopProxy.invoke(JdkDynamicAopProxy.java:223)
	at jdk.proxy2/jdk.proxy2.$Proxy124.save(Unknown Source)
	at com.comoencasa_backend.controller.AuthController.registrar(AuthController.java:164)
	at java.base/jdk.internal.reflect.DirectMethodHandleAccessor.invoke(DirectMethodHandleAccessor.java:104)
	at java.base/java.lang.reflect.Method.invoke(Method.java:565)
	at org.springframework.web.method.support.InvocableHandlerMethod.doInvoke(InvocableHandlerMethod.java:258)
	at org.springframework.web.method.support.InvocableHandlerMethod.invokeForRequest(InvocableHandlerMethod.java:191)
	at org.springframework.web.servlet.mvc.method.annotation.ServletInvocableHandlerMethod.invokeAndHandle(ServletInvocableHandlerMethod.java:118)
	at org.springframework.web.servlet.mvc.method.annotation.RequestMappingHandlerAdapter.invokeHandlerMethod(RequestMappingHandlerAdapter.java:986)
	at org.springframework.web.servlet.mvc.method.annotation.RequestMappingHandlerAdapter.handleInternal(RequestMappingHandlerAdapter.java:891)
	at org.springframework.web.servlet.mvc.method.AbstractHandlerMethodAdapter.handle(AbstractHandlerMethodAdapter.java:87)
	at org.springframework.web.servlet.DispatcherServlet.doDispatch(DispatcherServlet.java:1089)
	at org.springframework.web.servlet.DispatcherServlet.doService(DispatcherServlet.java:979)
	at org.springframework.web.servlet.FrameworkServlet.processRequest(FrameworkServlet.java:1014)
	at org.springframework.web.servlet.FrameworkServlet.doPost(FrameworkServlet.java:914)
	at jakarta.servlet.http.HttpServlet.service(HttpServlet.java:590)
	at org.springframework.web.servlet.FrameworkServlet.service(FrameworkServlet.java:885)
	at jakarta.servlet.http.HttpServlet.service(HttpServlet.java:658)
	at org.apache.catalina.core.ApplicationFilterChain.internalDoFilter(ApplicationFilterChain.java:195)
	at org.apache.catalina.core.ApplicationFilterChain.doFilter(ApplicationFilterChain.java:140)
	at org.apache.tomcat.websocket.server.WsFilter.doFilter(WsFilter.java:51)
	at org.apache.catalina.core.ApplicationFilterChain.internalDoFilter(ApplicationFilterChain.java:164)
	at org.apache.catalina.core.ApplicationFilterChain.doFilter(ApplicationFilterChain.java:140)
	at org.springframework.web.filter.CompositeFilter$VirtualFilterChain.doFilter(CompositeFilter.java:108)
	at org.springframework.security.web.FilterChainProxy.lambda$doFilterInternal$3(FilterChainProxy.java:231)
	at org.springframework.security.web.FilterChainProxy$VirtualFilterChain.doFilter(FilterChainProxy.java:365)
	at org.springframework.security.web.access.intercept.AuthorizationFilter.doFilter(AuthorizationFilter.java:101)
	at org.springframework.security.web.FilterChainProxy$VirtualFilterChain.doFilter(FilterChainProxy.java:374)
	at org.springframework.security.web.access.ExceptionTranslationFilter.doFilter(ExceptionTranslationFilter.java:126)
	at org.springframework.security.web.access.ExceptionTranslationFilter.doFilter(ExceptionTranslationFilter.java:120)
	at org.springframework.security.web.FilterChainProxy$VirtualFilterChain.doFilter(FilterChainProxy.java:374)
	at org.springframework.security.web.session.SessionManagementFilter.doFilter(SessionManagementFilter.java:131)
	at org.springframework.security.web.session.SessionManagementFilter.doFilter(SessionManagementFilter.java:85)
	at org.springframework.security.web.FilterChainProxy$VirtualFilterChain.doFilter(FilterChainProxy.java:374)
	at org.springframework.security.web.authentication.AnonymousAuthenticationFilter.doFilter(AnonymousAuthenticationFilter.java:100)
	at org.springframework.security.web.FilterChainProxy$VirtualFilterChain.doFilter(FilterChainProxy.java:374)
	at org.springframework.security.web.servletapi.SecurityContextHolderAwareRequestFilter.doFilter(SecurityContextHolderAwareRequestFilter.java:179)
	at org.springframework.security.web.FilterChainProxy$VirtualFilterChain.doFilter(FilterChainProxy.java:374)
	at org.springframework.security.web.savedrequest.RequestCacheAwareFilter.doFilter(RequestCacheAwareFilter.java:63)
	at org.springframework.security.web.FilterChainProxy$VirtualFilterChain.doFilter(FilterChainProxy.java:374)
	at org.springframework.security.web.authentication.logout.LogoutFilter.doFilter(LogoutFilter.java:107)
	at org.springframework.security.web.authentication.logout.LogoutFilter.doFilter(LogoutFilter.java:93)
	at org.springframework.security.web.FilterChainProxy$VirtualFilterChain.doFilter(FilterChainProxy.java:374)
	at org.springframework.web.filter.CorsFilter.doFilterInternal(CorsFilter.java:91)
	at org.springframework.web.filter.OncePerRequestFilter.doFilter(OncePerRequestFilter.java:116)
	at org.springframework.security.web.FilterChainProxy$VirtualFilterChain.doFilter(FilterChainProxy.java:374)
	at org.springframework.security.web.header.HeaderWriterFilter.doHeadersAfter(HeaderWriterFilter.java:90)
	at org.springframework.security.web.header.HeaderWriterFilter.doFilterInternal(HeaderWriterFilter.java:75)
	at org.springframework.web.filter.OncePerRequestFilter.doFilter(OncePerRequestFilter.java:116)
	at org.springframework.security.web.FilterChainProxy$VirtualFilterChain.doFilter(FilterChainProxy.java:374)
	at org.springframework.security.web.context.SecurityContextHolderFilter.doFilter(SecurityContextHolderFilter.java:82)
	at org.springframework.security.web.context.SecurityContextHolderFilter.doFilter(SecurityContextHolderFilter.java:69)
	at org.springframework.security.web.FilterChainProxy$VirtualFilterChain.doFilter(FilterChainProxy.java:374)
	at org.springframework.security.web.context.request.async.WebAsyncManagerIntegrationFilter.doFilterInternal(WebAsyncManagerIntegrationFilter.java:62)
	at org.springframework.web.filter.OncePerRequestFilter.doFilter(OncePerRequestFilter.java:116)
	at org.springframework.security.web.FilterChainProxy$VirtualFilterChain.doFilter(FilterChainProxy.java:374)
	at org.springframework.security.web.session.DisableEncodeUrlFilter.doFilterInternal(DisableEncodeUrlFilter.java:42)
	at org.springframework.web.filter.OncePerRequestFilter.doFilter(OncePerRequestFilter.java:116)
	at org.springframework.security.web.FilterChainProxy$VirtualFilterChain.doFilter(FilterChainProxy.java:374)
	at org.springframework.security.web.FilterChainProxy.doFilterInternal(FilterChainProxy.java:233)
	at org.springframework.security.web.FilterChainProxy.doFilter(FilterChainProxy.java:191)
	at org.springframework.web.filter.CompositeFilter$VirtualFilterChain.doFilter(CompositeFilter.java:113)
	at org.springframework.web.servlet.handler.HandlerMappingIntrospector.lambda$createCacheFilter$3(HandlerMappingIntrospector.java:243)
	at org.springframework.web.filter.CompositeFilter$VirtualFilterChain.doFilter(CompositeFilter.java:113)
	at org.springframework.web.filter.CompositeFilter.doFilter(CompositeFilter.java:74)
	at org.springframework.security.config.annotation.web.configuration.WebMvcSecurityConfiguration$CompositeFilterChainProxy.doFilter(WebMvcSecurityConfiguration.java:238)
	at org.springframework.web.filter.DelegatingFilterProxy.invokeDelegate(DelegatingFilterProxy.java:362)
	at org.springframework.web.filter.DelegatingFilterProxy.doFilter(DelegatingFilterProxy.java:278)
	at org.apache.catalina.core.ApplicationFilterChain.internalDoFilter(ApplicationFilterChain.java:164)
	at org.apache.catalina.core.ApplicationFilterChain.doFilter(ApplicationFilterChain.java:140)
	at org.springframework.web.filter.RequestContextFilter.doFilterInternal(RequestContextFilter.java:100)
	at org.springframework.web.filter.OncePerRequestFilter.doFilter(OncePerRequestFilter.java:116)
	at org.apache.catalina.core.ApplicationFilterChain.internalDoFilter(ApplicationFilterChain.java:164)
	at org.apache.catalina.core.ApplicationFilterChain.doFilter(ApplicationFilterChain.java:140)
	at org.springframework.web.filter.FormContentFilter.doFilterInternal(FormContentFilter.java:93)
	at org.springframework.web.filter.OncePerRequestFilter.doFilter(OncePerRequestFilter.java:116)
	at org.apache.catalina.core.ApplicationFilterChain.internalDoFilter(ApplicationFilterChain.java:164)
	at org.apache.catalina.core.ApplicationFilterChain.doFilter(ApplicationFilterChain.java:140)
	at org.springframework.web.filter.CharacterEncodingFilter.doFilterInternal(CharacterEncodingFilter.java:201)
	at org.springframework.web.filter.OncePerRequestFilter.doFilter(OncePerRequestFilter.java:116)
	at org.apache.catalina.core.ApplicationFilterChain.internalDoFilter(ApplicationFilterChain.java:164)
	at org.apache.catalina.core.ApplicationFilterChain.doFilter(ApplicationFilterChain.java:140)
	at org.apache.catalina.core.StandardWrapperValve.invoke(StandardWrapperValve.java:167)
	at org.apache.catalina.core.StandardContextValve.invoke(StandardContextValve.java:90)
	at org.apache.catalina.authenticator.AuthenticatorBase.invoke(AuthenticatorBase.java:483)
	at org.apache.catalina.core.StandardHostValve.invoke(StandardHostValve.java:116)
	at org.apache.catalina.valves.ErrorReportValve.invoke(ErrorReportValve.java:93)
	at org.apache.catalina.core.StandardEngineValve.invoke(StandardEngineValve.java:74)
	at org.apache.catalina.connector.CoyoteAdapter.service(CoyoteAdapter.java:344)
	at org.apache.coyote.http11.Http11Processor.service(Http11Processor.java:398)
	at org.apache.coyote.AbstractProcessorLight.process(AbstractProcessorLight.java:63)
	at org.apache.coyote.AbstractProtocol$ConnectionHandler.process(AbstractProtocol.java:903)
	at org.apache.tomcat.util.net.NioEndpoint$SocketProcessor.doRun(NioEndpoint.java:1740)
	at org.apache.tomcat.util.net.SocketProcessorBase.run(SocketProcessorBase.java:52)
	at org.apache.tomcat.util.threads.ThreadPoolExecutor.runWorker(ThreadPoolExecutor.java:1189)
	at org.apache.tomcat.util.threads.ThreadPoolExecutor$Worker.run(ThreadPoolExecutor.java:658)
	at org.apache.tomcat.util.threads.TaskThread$WrappingRunnable.run(TaskThread.java:63)
	at java.base/java.lang.Thread.run(Thread.java:1447)
Caused by: org.hibernate.exception.GenericJDBCException: could not execute statement [Field 'nombre_completo' doesn't have a default value] [insert into usuario (activo,apellido,direccion,correo,fecha_registro,nombre,numero_documento,password,rol,telefono,tipo_documento) values (?,?,?,?,?,?,?,?,?,?,?)]
	at org.hibernate.exception.internal.StandardSQLExceptionConverter.convert(StandardSQLExceptionConverter.java:63)
	at org.hibernate.engine.jdbc.spi.SqlExceptionHelper.convert(SqlExceptionHelper.java:108)
	at org.hibernate.engine.jdbc.internal.ResultSetReturnImpl.executeUpdate(ResultSetReturnImpl.java:197)
	at org.hibernate.id.insert.GetGeneratedKeysDelegate.performMutation(GetGeneratedKeysDelegate.java:116)
	at org.hibernate.engine.jdbc.mutation.internal.MutationExecutorSingleNonBatched.performNonBatchedOperations(MutationExecutorSingleNonBatched.java:47)
	at org.hibernate.engine.jdbc.mutation.internal.AbstractMutationExecutor.execute(AbstractMutationExecutor.java:55)
	at org.hibernate.persister.entity.mutation.InsertCoordinatorStandard.doStaticInserts(InsertCoordinatorStandard.java:194)
	at org.hibernate.persister.entity.mutation.InsertCoordinatorStandard.coordinateInsert(InsertCoordinatorStandard.java:132)
	at org.hibernate.persister.entity.mutation.InsertCoordinatorStandard.insert(InsertCoordinatorStandard.java:95)
	at org.hibernate.action.internal.EntityIdentityInsertAction.execute(EntityIdentityInsertAction.java:85)
	at org.hibernate.engine.spi.ActionQueue.execute(ActionQueue.java:682)
	at org.hibernate.engine.spi.ActionQueue.addResolvedEntityInsertAction(ActionQueue.java:293)
	at org.hibernate.engine.spi.ActionQueue.addInsertAction(ActionQueue.java:274)
	at org.hibernate.engine.spi.ActionQueue.addAction(ActionQueue.java:324)
	at org.hibernate.event.internal.AbstractSaveEventListener.addInsertAction(AbstractSaveEventListener.java:393)
	at org.hibernate.event.internal.AbstractSaveEventListener.performSaveOrReplicate(AbstractSaveEventListener.java:307)
	at org.hibernate.event.internal.AbstractSaveEventListener.performSave(AbstractSaveEventListener.java:223)
	at org.hibernate.event.internal.AbstractSaveEventListener.saveWithGeneratedId(AbstractSaveEventListener.java:136)
	at org.hibernate.event.internal.DefaultPersistEventListener.entityIsTransient(DefaultPersistEventListener.java:177)
	at org.hibernate.event.internal.DefaultPersistEventListener.persist(DefaultPersistEventListener.java:95)
	at org.hibernate.event.internal.DefaultPersistEventListener.onPersist(DefaultPersistEventListener.java:79)
	at org.hibernate.event.internal.DefaultPersistEventListener.onPersist(DefaultPersistEventListener.java:55)
	at org.hibernate.event.service.internal.EventListenerGroupImpl.fireEventOnEachListener(EventListenerGroupImpl.java:127)
	at org.hibernate.internal.SessionImpl.firePersist(SessionImpl.java:761)
	at org.hibernate.internal.SessionImpl.persist(SessionImpl.java:745)
	at java.base/jdk.internal.reflect.DirectMethodHandleAccessor.invoke(DirectMethodHandleAccessor.java:104)
	at java.base/java.lang.reflect.Method.invoke(Method.java:565)
	at org.springframework.orm.jpa.ExtendedEntityManagerCreator$ExtendedEntityManagerInvocationHandler.invoke(ExtendedEntityManagerCreator.java:364)
	at jdk.proxy2/jdk.proxy2.$Proxy120.persist(Unknown Source)
	at java.base/jdk.internal.reflect.DirectMethodHandleAccessor.invoke(DirectMethodHandleAccessor.java:104)
	at java.base/java.lang.reflect.Method.invoke(Method.java:565)
	at org.springframework.orm.jpa.SharedEntityManagerCreator$SharedEntityManagerInvocationHandler.invoke(SharedEntityManagerCreator.java:320)
	at jdk.proxy2/jdk.proxy2.$Proxy120.persist(Unknown Source)
	at org.springframework.data.jpa.repository.support.SimpleJpaRepository.save(SimpleJpaRepository.java:636)
	at java.base/jdk.internal.reflect.DirectMethodHandleAccessor.invoke(DirectMethodHandleAccessor.java:104)
	at java.base/java.lang.reflect.Method.invoke(Method.java:565)
	at org.springframework.aop.support.AopUtils.invokeJoinpointUsingReflection(AopUtils.java:359)
	at org.springframework.data.repository.core.support.RepositoryMethodInvoker$RepositoryFragmentMethodInvoker.lambda$new$0(RepositoryMethodInvoker.java:277)
	at org.springframework.data.repository.core.support.RepositoryMethodInvoker.doInvoke(RepositoryMethodInvoker.java:170)
	at org.springframework.data.repository.core.support.RepositoryMethodInvoker.invoke(RepositoryMethodInvoker.java:158)
	at org.springframework.data.repository.core.support.RepositoryComposition$RepositoryFragments.invoke(RepositoryComposition.java:515)
	at org.springframework.data.repository.core.support.RepositoryComposition.invoke(RepositoryComposition.java:284)
	at org.springframework.data.repository.core.support.RepositoryFactorySupport$ImplementationMethodExecutionInterceptor.invoke(RepositoryFactorySupport.java:731)
	at org.springframework.aop.framework.ReflectiveMethodInvocation.proceed(ReflectiveMethodInvocation.java:184)
	at org.springframework.data.repository.core.support.QueryExecutorMethodInterceptor.doInvoke(QueryExecutorMethodInterceptor.java:174)
	at org.springframework.data.repository.core.support.QueryExecutorMethodInterceptor.invoke(QueryExecutorMethodInterceptor.java:149)
	at org.springframework.aop.framework.ReflectiveMethodInvocation.proceed(ReflectiveMethodInvocation.java:184)
	at org.springframework.data.projection.DefaultMethodInvokingMethodInterceptor.invoke(DefaultMethodInvokingMethodInterceptor.java:69)
	at org.springframework.aop.framework.ReflectiveMethodInvocation.proceed(ReflectiveMethodInvocation.java:184)
	at org.springframework.transaction.interceptor.TransactionAspectSupport.invokeWithinTransaction(TransactionAspectSupport.java:380)
	at org.springframework.transaction.interceptor.TransactionInterceptor.invoke(TransactionInterceptor.java:119)
	at org.springframework.aop.framework.ReflectiveMethodInvocation.proceed(ReflectiveMethodInvocation.java:184)
	at org.springframework.dao.support.PersistenceExceptionTranslationInterceptor.invoke(PersistenceExceptionTranslationInterceptor.java:138)
	... 101 common frames omitted
Caused by: java.sql.SQLException: Field 'nombre_completo' doesn't have a default value
	at com.mysql.cj.jdbc.exceptions.SQLError.createSQLException(SQLError.java:121)
	at com.mysql.cj.jdbc.exceptions.SQLExceptionsMapping.translateException(SQLExceptionsMapping.java:114)
	at com.mysql.cj.jdbc.ClientPreparedStatement.executeInternal(ClientPreparedStatement.java:988)
	at com.mysql.cj.jdbc.ClientPreparedStatement.executeUpdateInternal(ClientPreparedStatement.java:1166)
	at com.mysql.cj.jdbc.ClientPreparedStatement.executeUpdateInternal(ClientPreparedStatement.java:1101)
	at com.mysql.cj.jdbc.ClientPreparedStatement.executeLargeUpdate(ClientPreparedStatement.java:1467)
	at com.mysql.cj.jdbc.ClientPreparedStatement.executeUpdate(ClientPreparedStatement.java:1084)
	at com.zaxxer.hikari.pool.ProxyPreparedStatement.executeUpdate(ProxyPreparedStatement.java:61)
	at com.zaxxer.hikari.pool.HikariProxyPreparedStatement.executeUpdate(HikariProxyPreparedStatement.java)
	at org.hibernate.engine.jdbc.internal.ResultSetReturnImpl.executeUpdate(ResultSetReturnImpl.java:194)
	... 151 common frames omitted
2025-06-07 16:52:47.503 [http-nio-8081-exec-1] INFO  c.c.controller.AuthController - RegistroRequest recibido - correo: test@email.com, nombre: Test, apellido: Usuario
2025-06-07 16:52:47.505 [http-nio-8081-exec-1] INFO  c.c.controller.AuthController - Intento de registro para email: tes***@email.com
2025-06-07 16:52:47.690 [http-nio-8081-exec-1] INFO  c.c.controller.AuthController - Registro exitoso para usuario ID: 11 (tes***@email.com)
2025-06-07 17:01:18.584 [http-nio-8081-exec-1] INFO  c.c.controller.AuthController - RegistroRequest recibido - correo: juanperez@gmail.com, nombre: Juan, apellido: Perez
2025-06-07 17:01:18.586 [http-nio-8081-exec-1] INFO  c.c.controller.AuthController - Intento de registro para email: jua***@gmail.com
2025-06-07 17:01:18.765 [http-nio-8081-exec-1] INFO  c.c.controller.AuthController - Registro exitoso para usuario ID: 12 (jua***@gmail.com)
2025-06-07 17:01:59.538 [http-nio-8081-exec-4] INFO  c.c.controller.AuthController - RegistroRequest recibido - correo: juanperez@gmail.com, nombre: Juan, apellido: Perez
2025-06-07 17:01:59.538 [http-nio-8081-exec-4] INFO  c.c.controller.AuthController - Intento de registro para email: jua***@gmail.com
2025-06-07 17:01:59.541 [http-nio-8081-exec-4] WARN  c.c.controller.AuthController - Registro fallido: email ya existe: jua***@gmail.com
2025-06-07 17:07:06.995 [http-nio-8081-exec-2] INFO  c.c.controller.AuthController - RegistroRequest recibido - correo: juanperez@gmail.com, nombre: Juan, apellido: Perez
2025-06-07 17:07:06.997 [http-nio-8081-exec-2] INFO  c.c.controller.AuthController - Intento de registro para email: jua***@gmail.com
2025-06-07 17:07:07.108 [http-nio-8081-exec-2] WARN  c.c.controller.AuthController - Registro fallido: email ya existe: jua***@gmail.com
2025-06-07 17:08:35.548 [http-nio-8081-exec-6] INFO  c.c.controller.AuthController - RegistroRequest recibido - correo: juanpere2@gmail.com, nombre: Juan, apellido: Perea
2025-06-07 17:08:35.548 [http-nio-8081-exec-6] INFO  c.c.controller.AuthController - Intento de registro para email: jua***@gmail.com
2025-06-07 17:08:35.930 [http-nio-8081-exec-6] ERROR c.c.controller.AuthController - Error interno durante el registro para email jua***@gmail.com: could not execute statement [Unknown column 'activo' in 'field list'] [insert into usuario (activo,apellido,direccion,correo,fecha_registro,nombre,nombre_completo,numero_documento,password,rol,telefono,tipo_documento) values (?,?,?,?,?,?,?,?,?,?,?,?)]; SQL [insert into usuario (activo,apellido,direccion,correo,fecha_registro,nombre,nombre_completo,numero_documento,password,rol,telefono,tipo_documento) values (?,?,?,?,?,?,?,?,?,?,?,?)]
org.springframework.dao.InvalidDataAccessResourceUsageException: could not execute statement [Unknown column 'activo' in 'field list'] [insert into usuario (activo,apellido,direccion,correo,fecha_registro,nombre,nombre_completo,numero_documento,password,rol,telefono,tipo_documento) values (?,?,?,?,?,?,?,?,?,?,?,?)]; SQL [insert into usuario (activo,apellido,direccion,correo,fecha_registro,nombre,nombre_completo,numero_documento,password,rol,telefono,tipo_documento) values (?,?,?,?,?,?,?,?,?,?,?,?)]
	at org.springframework.orm.jpa.vendor.HibernateJpaDialect.convertHibernateAccessException(HibernateJpaDialect.java:281)
	at org.springframework.orm.jpa.vendor.HibernateJpaDialect.convertHibernateAccessException(HibernateJpaDialect.java:256)
	at org.springframework.orm.jpa.vendor.HibernateJpaDialect.translateExceptionIfPossible(HibernateJpaDialect.java:241)
	at org.springframework.orm.jpa.AbstractEntityManagerFactoryBean.translateExceptionIfPossible(AbstractEntityManagerFactoryBean.java:560)
	at org.springframework.dao.support.ChainedPersistenceExceptionTranslator.translateExceptionIfPossible(ChainedPersistenceExceptionTranslator.java:61)
	at org.springframework.dao.support.DataAccessUtils.translateIfNecessary(DataAccessUtils.java:343)
	at org.springframework.dao.support.PersistenceExceptionTranslationInterceptor.invoke(PersistenceExceptionTranslationInterceptor.java:160)
	at org.springframework.aop.framework.ReflectiveMethodInvocation.proceed(ReflectiveMethodInvocation.java:184)
	at org.springframework.data.jpa.repository.support.CrudMethodMetadataPostProcessor$CrudMethodMetadataPopulatingMethodInterceptor.invoke(CrudMethodMetadataPostProcessor.java:165)
	at org.springframework.aop.framework.ReflectiveMethodInvocation.proceed(ReflectiveMethodInvocation.java:184)
	at org.springframework.aop.framework.JdkDynamicAopProxy.invoke(JdkDynamicAopProxy.java:223)
	at jdk.proxy2/jdk.proxy2.$Proxy124.save(Unknown Source)
	at com.comoencasa_backend.controller.AuthController.registrar(AuthController.java:160)
	at java.base/jdk.internal.reflect.DirectMethodHandleAccessor.invoke(DirectMethodHandleAccessor.java:104)
	at java.base/java.lang.reflect.Method.invoke(Method.java:565)
	at org.springframework.web.method.support.InvocableHandlerMethod.doInvoke(InvocableHandlerMethod.java:258)
	at org.springframework.web.method.support.InvocableHandlerMethod.invokeForRequest(InvocableHandlerMethod.java:191)
	at org.springframework.web.servlet.mvc.method.annotation.ServletInvocableHandlerMethod.invokeAndHandle(ServletInvocableHandlerMethod.java:118)
	at org.springframework.web.servlet.mvc.method.annotation.RequestMappingHandlerAdapter.invokeHandlerMethod(RequestMappingHandlerAdapter.java:986)
	at org.springframework.web.servlet.mvc.method.annotation.RequestMappingHandlerAdapter.handleInternal(RequestMappingHandlerAdapter.java:891)
	at org.springframework.web.servlet.mvc.method.AbstractHandlerMethodAdapter.handle(AbstractHandlerMethodAdapter.java:87)
	at org.springframework.web.servlet.DispatcherServlet.doDispatch(DispatcherServlet.java:1089)
	at org.springframework.web.servlet.DispatcherServlet.doService(DispatcherServlet.java:979)
	at org.springframework.web.servlet.FrameworkServlet.processRequest(FrameworkServlet.java:1014)
	at org.springframework.web.servlet.FrameworkServlet.doPost(FrameworkServlet.java:914)
	at jakarta.servlet.http.HttpServlet.service(HttpServlet.java:590)
	at org.springframework.web.servlet.FrameworkServlet.service(FrameworkServlet.java:885)
	at jakarta.servlet.http.HttpServlet.service(HttpServlet.java:658)
	at org.apache.catalina.core.ApplicationFilterChain.internalDoFilter(ApplicationFilterChain.java:195)
	at org.apache.catalina.core.ApplicationFilterChain.doFilter(ApplicationFilterChain.java:140)
	at org.apache.tomcat.websocket.server.WsFilter.doFilter(WsFilter.java:51)
	at org.apache.catalina.core.ApplicationFilterChain.internalDoFilter(ApplicationFilterChain.java:164)
	at org.apache.catalina.core.ApplicationFilterChain.doFilter(ApplicationFilterChain.java:140)
	at org.springframework.web.filter.CompositeFilter$VirtualFilterChain.doFilter(CompositeFilter.java:108)
	at org.springframework.security.web.FilterChainProxy.lambda$doFilterInternal$3(FilterChainProxy.java:231)
	at org.springframework.security.web.FilterChainProxy$VirtualFilterChain.doFilter(FilterChainProxy.java:365)
	at org.springframework.security.web.access.intercept.AuthorizationFilter.doFilter(AuthorizationFilter.java:101)
	at org.springframework.security.web.FilterChainProxy$VirtualFilterChain.doFilter(FilterChainProxy.java:374)
	at org.springframework.security.web.access.ExceptionTranslationFilter.doFilter(ExceptionTranslationFilter.java:126)
	at org.springframework.security.web.access.ExceptionTranslationFilter.doFilter(ExceptionTranslationFilter.java:120)
	at org.springframework.security.web.FilterChainProxy$VirtualFilterChain.doFilter(FilterChainProxy.java:374)
	at org.springframework.security.web.session.SessionManagementFilter.doFilter(SessionManagementFilter.java:131)
	at org.springframework.security.web.session.SessionManagementFilter.doFilter(SessionManagementFilter.java:85)
	at org.springframework.security.web.FilterChainProxy$VirtualFilterChain.doFilter(FilterChainProxy.java:374)
	at org.springframework.security.web.authentication.AnonymousAuthenticationFilter.doFilter(AnonymousAuthenticationFilter.java:100)
	at org.springframework.security.web.FilterChainProxy$VirtualFilterChain.doFilter(FilterChainProxy.java:374)
	at org.springframework.security.web.servletapi.SecurityContextHolderAwareRequestFilter.doFilter(SecurityContextHolderAwareRequestFilter.java:179)
	at org.springframework.security.web.FilterChainProxy$VirtualFilterChain.doFilter(FilterChainProxy.java:374)
	at org.springframework.security.web.savedrequest.RequestCacheAwareFilter.doFilter(RequestCacheAwareFilter.java:63)
	at org.springframework.security.web.FilterChainProxy$VirtualFilterChain.doFilter(FilterChainProxy.java:374)
	at org.springframework.security.web.authentication.logout.LogoutFilter.doFilter(LogoutFilter.java:107)
	at org.springframework.security.web.authentication.logout.LogoutFilter.doFilter(LogoutFilter.java:93)
	at org.springframework.security.web.FilterChainProxy$VirtualFilterChain.doFilter(FilterChainProxy.java:374)
	at org.springframework.web.filter.CorsFilter.doFilterInternal(CorsFilter.java:91)
	at org.springframework.web.filter.OncePerRequestFilter.doFilter(OncePerRequestFilter.java:116)
	at org.springframework.security.web.FilterChainProxy$VirtualFilterChain.doFilter(FilterChainProxy.java:374)
	at org.springframework.security.web.header.HeaderWriterFilter.doHeadersAfter(HeaderWriterFilter.java:90)
	at org.springframework.security.web.header.HeaderWriterFilter.doFilterInternal(HeaderWriterFilter.java:75)
	at org.springframework.web.filter.OncePerRequestFilter.doFilter(OncePerRequestFilter.java:116)
	at org.springframework.security.web.FilterChainProxy$VirtualFilterChain.doFilter(FilterChainProxy.java:374)
	at org.springframework.security.web.context.SecurityContextHolderFilter.doFilter(SecurityContextHolderFilter.java:82)
	at org.springframework.security.web.context.SecurityContextHolderFilter.doFilter(SecurityContextHolderFilter.java:69)
	at org.springframework.security.web.FilterChainProxy$VirtualFilterChain.doFilter(FilterChainProxy.java:374)
	at org.springframework.security.web.context.request.async.WebAsyncManagerIntegrationFilter.doFilterInternal(WebAsyncManagerIntegrationFilter.java:62)
	at org.springframework.web.filter.OncePerRequestFilter.doFilter(OncePerRequestFilter.java:116)
	at org.springframework.security.web.FilterChainProxy$VirtualFilterChain.doFilter(FilterChainProxy.java:374)
	at org.springframework.security.web.session.DisableEncodeUrlFilter.doFilterInternal(DisableEncodeUrlFilter.java:42)
	at org.springframework.web.filter.OncePerRequestFilter.doFilter(OncePerRequestFilter.java:116)
	at org.springframework.security.web.FilterChainProxy$VirtualFilterChain.doFilter(FilterChainProxy.java:374)
	at org.springframework.security.web.FilterChainProxy.doFilterInternal(FilterChainProxy.java:233)
	at org.springframework.security.web.FilterChainProxy.doFilter(FilterChainProxy.java:191)
	at org.springframework.web.filter.CompositeFilter$VirtualFilterChain.doFilter(CompositeFilter.java:113)
	at org.springframework.web.servlet.handler.HandlerMappingIntrospector.lambda$createCacheFilter$3(HandlerMappingIntrospector.java:243)
	at org.springframework.web.filter.CompositeFilter$VirtualFilterChain.doFilter(CompositeFilter.java:113)
	at org.springframework.web.filter.CompositeFilter.doFilter(CompositeFilter.java:74)
	at org.springframework.security.config.annotation.web.configuration.WebMvcSecurityConfiguration$CompositeFilterChainProxy.doFilter(WebMvcSecurityConfiguration.java:238)
	at org.springframework.web.filter.DelegatingFilterProxy.invokeDelegate(DelegatingFilterProxy.java:362)
	at org.springframework.web.filter.DelegatingFilterProxy.doFilter(DelegatingFilterProxy.java:278)
	at org.apache.catalina.core.ApplicationFilterChain.internalDoFilter(ApplicationFilterChain.java:164)
	at org.apache.catalina.core.ApplicationFilterChain.doFilter(ApplicationFilterChain.java:140)
	at org.springframework.web.filter.RequestContextFilter.doFilterInternal(RequestContextFilter.java:100)
	at org.springframework.web.filter.OncePerRequestFilter.doFilter(OncePerRequestFilter.java:116)
	at org.apache.catalina.core.ApplicationFilterChain.internalDoFilter(ApplicationFilterChain.java:164)
	at org.apache.catalina.core.ApplicationFilterChain.doFilter(ApplicationFilterChain.java:140)
	at org.springframework.web.filter.FormContentFilter.doFilterInternal(FormContentFilter.java:93)
	at org.springframework.web.filter.OncePerRequestFilter.doFilter(OncePerRequestFilter.java:116)
	at org.apache.catalina.core.ApplicationFilterChain.internalDoFilter(ApplicationFilterChain.java:164)
	at org.apache.catalina.core.ApplicationFilterChain.doFilter(ApplicationFilterChain.java:140)
	at org.springframework.web.filter.CharacterEncodingFilter.doFilterInternal(CharacterEncodingFilter.java:201)
	at org.springframework.web.filter.OncePerRequestFilter.doFilter(OncePerRequestFilter.java:116)
	at org.apache.catalina.core.ApplicationFilterChain.internalDoFilter(ApplicationFilterChain.java:164)
	at org.apache.catalina.core.ApplicationFilterChain.doFilter(ApplicationFilterChain.java:140)
	at org.apache.catalina.core.StandardWrapperValve.invoke(StandardWrapperValve.java:167)
	at org.apache.catalina.core.StandardContextValve.invoke(StandardContextValve.java:90)
	at org.apache.catalina.authenticator.AuthenticatorBase.invoke(AuthenticatorBase.java:483)
	at org.apache.catalina.core.StandardHostValve.invoke(StandardHostValve.java:116)
	at org.apache.catalina.valves.ErrorReportValve.invoke(ErrorReportValve.java:93)
	at org.apache.catalina.core.StandardEngineValve.invoke(StandardEngineValve.java:74)
	at org.apache.catalina.connector.CoyoteAdapter.service(CoyoteAdapter.java:344)
	at org.apache.coyote.http11.Http11Processor.service(Http11Processor.java:398)
	at org.apache.coyote.AbstractProcessorLight.process(AbstractProcessorLight.java:63)
	at org.apache.coyote.AbstractProtocol$ConnectionHandler.process(AbstractProtocol.java:903)
	at org.apache.tomcat.util.net.NioEndpoint$SocketProcessor.doRun(NioEndpoint.java:1740)
	at org.apache.tomcat.util.net.SocketProcessorBase.run(SocketProcessorBase.java:52)
	at org.apache.tomcat.util.threads.ThreadPoolExecutor.runWorker(ThreadPoolExecutor.java:1189)
	at org.apache.tomcat.util.threads.ThreadPoolExecutor$Worker.run(ThreadPoolExecutor.java:658)
	at org.apache.tomcat.util.threads.TaskThread$WrappingRunnable.run(TaskThread.java:63)
	at java.base/java.lang.Thread.run(Thread.java:1447)
Caused by: org.hibernate.exception.SQLGrammarException: could not execute statement [Unknown column 'activo' in 'field list'] [insert into usuario (activo,apellido,direccion,correo,fecha_registro,nombre,nombre_completo,numero_documento,password,rol,telefono,tipo_documento) values (?,?,?,?,?,?,?,?,?,?,?,?)]
	at org.hibernate.exception.internal.SQLExceptionTypeDelegate.convert(SQLExceptionTypeDelegate.java:66)
	at org.hibernate.exception.internal.StandardSQLExceptionConverter.convert(StandardSQLExceptionConverter.java:58)
	at org.hibernate.engine.jdbc.spi.SqlExceptionHelper.convert(SqlExceptionHelper.java:108)
	at org.hibernate.engine.jdbc.internal.ResultSetReturnImpl.executeUpdate(ResultSetReturnImpl.java:197)
	at org.hibernate.id.insert.GetGeneratedKeysDelegate.performMutation(GetGeneratedKeysDelegate.java:116)
	at org.hibernate.engine.jdbc.mutation.internal.MutationExecutorSingleNonBatched.performNonBatchedOperations(MutationExecutorSingleNonBatched.java:47)
	at org.hibernate.engine.jdbc.mutation.internal.AbstractMutationExecutor.execute(AbstractMutationExecutor.java:55)
	at org.hibernate.persister.entity.mutation.InsertCoordinatorStandard.doStaticInserts(InsertCoordinatorStandard.java:194)
	at org.hibernate.persister.entity.mutation.InsertCoordinatorStandard.coordinateInsert(InsertCoordinatorStandard.java:132)
	at org.hibernate.persister.entity.mutation.InsertCoordinatorStandard.insert(InsertCoordinatorStandard.java:95)
	at org.hibernate.action.internal.EntityIdentityInsertAction.execute(EntityIdentityInsertAction.java:85)
	at org.hibernate.engine.spi.ActionQueue.execute(ActionQueue.java:682)
	at org.hibernate.engine.spi.ActionQueue.addResolvedEntityInsertAction(ActionQueue.java:293)
	at org.hibernate.engine.spi.ActionQueue.addInsertAction(ActionQueue.java:274)
	at org.hibernate.engine.spi.ActionQueue.addAction(ActionQueue.java:324)
	at org.hibernate.event.internal.AbstractSaveEventListener.addInsertAction(AbstractSaveEventListener.java:393)
	at org.hibernate.event.internal.AbstractSaveEventListener.performSaveOrReplicate(AbstractSaveEventListener.java:307)
	at org.hibernate.event.internal.AbstractSaveEventListener.performSave(AbstractSaveEventListener.java:223)
	at org.hibernate.event.internal.AbstractSaveEventListener.saveWithGeneratedId(AbstractSaveEventListener.java:136)
	at org.hibernate.event.internal.DefaultPersistEventListener.entityIsTransient(DefaultPersistEventListener.java:177)
	at org.hibernate.event.internal.DefaultPersistEventListener.persist(DefaultPersistEventListener.java:95)
	at org.hibernate.event.internal.DefaultPersistEventListener.onPersist(DefaultPersistEventListener.java:79)
	at org.hibernate.event.internal.DefaultPersistEventListener.onPersist(DefaultPersistEventListener.java:55)
	at org.hibernate.event.service.internal.EventListenerGroupImpl.fireEventOnEachListener(EventListenerGroupImpl.java:127)
	at org.hibernate.internal.SessionImpl.firePersist(SessionImpl.java:761)
	at org.hibernate.internal.SessionImpl.persist(SessionImpl.java:745)
	at java.base/jdk.internal.reflect.DirectMethodHandleAccessor.invoke(DirectMethodHandleAccessor.java:104)
	at java.base/java.lang.reflect.Method.invoke(Method.java:565)
	at org.springframework.orm.jpa.SharedEntityManagerCreator$SharedEntityManagerInvocationHandler.invoke(SharedEntityManagerCreator.java:320)
	at jdk.proxy2/jdk.proxy2.$Proxy120.persist(Unknown Source)
	at org.springframework.data.jpa.repository.support.SimpleJpaRepository.save(SimpleJpaRepository.java:636)
	at java.base/jdk.internal.reflect.DirectMethodHandleAccessor.invoke(DirectMethodHandleAccessor.java:104)
	at java.base/java.lang.reflect.Method.invoke(Method.java:565)
	at org.springframework.aop.support.AopUtils.invokeJoinpointUsingReflection(AopUtils.java:359)
	at org.springframework.data.repository.core.support.RepositoryMethodInvoker$RepositoryFragmentMethodInvoker.lambda$new$0(RepositoryMethodInvoker.java:277)
	at org.springframework.data.repository.core.support.RepositoryMethodInvoker.doInvoke(RepositoryMethodInvoker.java:170)
	at org.springframework.data.repository.core.support.RepositoryMethodInvoker.invoke(RepositoryMethodInvoker.java:158)
	at org.springframework.data.repository.core.support.RepositoryComposition$RepositoryFragments.invoke(RepositoryComposition.java:515)
	at org.springframework.data.repository.core.support.RepositoryComposition.invoke(RepositoryComposition.java:284)
	at org.springframework.data.repository.core.support.RepositoryFactorySupport$ImplementationMethodExecutionInterceptor.invoke(RepositoryFactorySupport.java:731)
	at org.springframework.aop.framework.ReflectiveMethodInvocation.proceed(ReflectiveMethodInvocation.java:184)
	at org.springframework.data.repository.core.support.QueryExecutorMethodInterceptor.doInvoke(QueryExecutorMethodInterceptor.java:174)
	at org.springframework.data.repository.core.support.QueryExecutorMethodInterceptor.invoke(QueryExecutorMethodInterceptor.java:149)
	at org.springframework.aop.framework.ReflectiveMethodInvocation.proceed(ReflectiveMethodInvocation.java:184)
	at org.springframework.data.projection.DefaultMethodInvokingMethodInterceptor.invoke(DefaultMethodInvokingMethodInterceptor.java:69)
	at org.springframework.aop.framework.ReflectiveMethodInvocation.proceed(ReflectiveMethodInvocation.java:184)
	at org.springframework.transaction.interceptor.TransactionAspectSupport.invokeWithinTransaction(TransactionAspectSupport.java:380)
	at org.springframework.transaction.interceptor.TransactionInterceptor.invoke(TransactionInterceptor.java:119)
	at org.springframework.aop.framework.ReflectiveMethodInvocation.proceed(ReflectiveMethodInvocation.java:184)
	at org.springframework.dao.support.PersistenceExceptionTranslationInterceptor.invoke(PersistenceExceptionTranslationInterceptor.java:138)
	... 101 common frames omitted
Caused by: java.sql.SQLSyntaxErrorException: Unknown column 'activo' in 'field list'
	at com.mysql.cj.jdbc.exceptions.SQLError.createSQLException(SQLError.java:112)
	at com.mysql.cj.jdbc.exceptions.SQLExceptionsMapping.translateException(SQLExceptionsMapping.java:114)
	at com.mysql.cj.jdbc.ClientPreparedStatement.executeInternal(ClientPreparedStatement.java:988)
	at com.mysql.cj.jdbc.ClientPreparedStatement.executeUpdateInternal(ClientPreparedStatement.java:1166)
	at com.mysql.cj.jdbc.ClientPreparedStatement.executeUpdateInternal(ClientPreparedStatement.java:1101)
	at com.mysql.cj.jdbc.ClientPreparedStatement.executeLargeUpdate(ClientPreparedStatement.java:1467)
	at com.mysql.cj.jdbc.ClientPreparedStatement.executeUpdate(ClientPreparedStatement.java:1084)
	at com.zaxxer.hikari.pool.ProxyPreparedStatement.executeUpdate(ProxyPreparedStatement.java:61)
	at com.zaxxer.hikari.pool.HikariProxyPreparedStatement.executeUpdate(HikariProxyPreparedStatement.java)
	at org.hibernate.engine.jdbc.internal.ResultSetReturnImpl.executeUpdate(ResultSetReturnImpl.java:194)
	... 147 common frames omitted
2025-06-07 17:12:41.995 [http-nio-8081-exec-4] INFO  c.c.controller.AuthController - RegistroRequest recibido - correo: juanpere2@gmail.com, nombre: Juan, apellido: Perea
2025-06-07 17:12:41.997 [http-nio-8081-exec-4] INFO  c.c.controller.AuthController - Intento de registro para email: jua***@gmail.com
2025-06-07 17:12:42.176 [http-nio-8081-exec-4] INFO  c.c.controller.AuthController - Registro exitoso para usuario ID: 13 (jua***@gmail.com)
2025-06-07 17:15:24.809 [http-nio-8081-exec-2] INFO  c.c.controller.AuthController - RegistroRequest recibido - correo: TJ@gmail.com, nombre: Juan, apellido: Torres
2025-06-07 17:15:24.811 [http-nio-8081-exec-2] INFO  c.c.controller.AuthController - Intento de registro para email: TJ@gmail.com
2025-06-07 17:15:24.816 [http-nio-8081-exec-2] WARN  c.c.controller.AuthController - Registro fallido: contraseña muy corta para email: TJ@gmail.com
2025-06-07 17:15:27.843 [http-nio-8081-exec-4] INFO  c.c.controller.AuthController - RegistroRequest recibido - correo: TJ@gmail.com, nombre: Juan, apellido: Torres
2025-06-07 17:15:27.844 [http-nio-8081-exec-4] INFO  c.c.controller.AuthController - Intento de registro para email: TJ@gmail.com
2025-06-07 17:15:28.041 [http-nio-8081-exec-4] INFO  c.c.controller.AuthController - Registro exitoso para usuario ID: 14 (TJ@gmail.com)
2025-06-07 17:16:05.338 [http-nio-8081-exec-6] INFO  c.c.controller.AuthController - Intento de login para email: dav***@gmail.com
2025-06-07 17:16:05.400 [http-nio-8081-exec-6] WARN  c.c.controller.AuthController - Login fallido: contraseña incorrecta para usuario ID: 8
2025-06-07 17:16:13.464 [http-nio-8081-exec-8] INFO  c.c.controller.AuthController - Intento de login para email: TJ@gmail.com
2025-06-07 17:16:13.519 [http-nio-8081-exec-8] INFO  c.c.controller.AuthController - Login exitoso para usuario ID: 14 (TJ@gmail.com)
2025-06-07 17:22:08.466 [http-nio-8081-exec-5] INFO  c.c.c.RecuperarCuentaController - Intento de recuperación de cuenta para email: dav***@gmail.com
2025-06-07 17:22:12.928 [http-nio-8081-exec-5] INFO  c.c.service.impl.UsuarioServiceImpl - Se envió nueva contraseña al usuario con email: davidestudio123@gmail.com
2025-06-07 17:22:12.929 [http-nio-8081-exec-5] INFO  c.c.c.RecuperarCuentaController - Recuperación de cuenta exitosa para email: dav***@gmail.com
2025-06-07 17:27:37.938 [main] WARN  c.c.service.impl.UsuarioServiceImpl - Intento de recuperación con email inválido: null
2025-06-07 17:27:37.950 [main] INFO  c.c.service.impl.UsuarioServiceImpl - Se envió nueva contraseña al usuario con email: inactivo@test.com
2025-06-07 17:27:37.955 [main] INFO  c.c.service.impl.UsuarioServiceImpl - Se envió nueva contraseña al usuario con email: usuario@test.com
2025-06-07 17:27:37.959 [main] WARN  c.c.service.impl.UsuarioServiceImpl - Recuperación fallida: no existe usuario con el email inexistente@test.com
2025-06-07 17:27:37.962 [main] WARN  c.c.service.impl.UsuarioServiceImpl - Intento de recuperación con email inválido: email-invalido
2025-06-07 17:27:37.964 [main] INFO  c.c.service.impl.UsuarioServiceImpl - Se envió nueva contraseña al usuario con email: test@test.com
2025-06-07 17:27:37.965 [main] INFO  c.c.service.impl.UsuarioServiceImpl - Se envió nueva contraseña al usuario con email: test@test.com
2025-06-07 17:29:49.429 [main] WARN  c.c.service.impl.UsuarioServiceImpl - Intento de recuperación con email inválido: null
2025-06-07 17:29:49.441 [main] INFO  c.c.service.impl.UsuarioServiceImpl - Se envió nueva contraseña al usuario con email: inactivo@test.com
2025-06-07 17:29:49.446 [main] INFO  c.c.service.impl.UsuarioServiceImpl - Se envió nueva contraseña al usuario con email: usuario@test.com
2025-06-07 17:29:49.450 [main] WARN  c.c.service.impl.UsuarioServiceImpl - Recuperación fallida: no existe usuario con el email inexistente@test.com
2025-06-07 17:29:49.452 [main] WARN  c.c.service.impl.UsuarioServiceImpl - Intento de recuperación con email inválido: email-invalido
2025-06-07 17:29:49.456 [main] INFO  c.c.service.impl.UsuarioServiceImpl - Se envió nueva contraseña al usuario con email: test@test.com
2025-06-07 17:29:49.456 [main] INFO  c.c.service.impl.UsuarioServiceImpl - Se envió nueva contraseña al usuario con email: test@test.com
2025-06-07 17:30:02.731 [main] WARN  c.c.service.impl.UsuarioServiceImpl - Intento de recuperación con email inválido: null
2025-06-07 17:30:02.743 [main] INFO  c.c.service.impl.UsuarioServiceImpl - Se envió nueva contraseña al usuario con email: inactivo@test.com
2025-06-07 17:30:02.748 [main] INFO  c.c.service.impl.UsuarioServiceImpl - Se envió nueva contraseña al usuario con email: usuario@test.com
2025-06-07 17:30:02.753 [main] WARN  c.c.service.impl.UsuarioServiceImpl - Recuperación fallida: no existe usuario con el email inexistente@test.com
2025-06-07 17:30:02.756 [main] WARN  c.c.service.impl.UsuarioServiceImpl - Intento de recuperación con email inválido: email-invalido
2025-06-07 17:30:02.759 [main] INFO  c.c.service.impl.UsuarioServiceImpl - Se envió nueva contraseña al usuario con email: test@test.com
2025-06-07 17:30:02.759 [main] INFO  c.c.service.impl.UsuarioServiceImpl - Se envió nueva contraseña al usuario con email: test@test.com
2025-06-07 17:32:07.872 [main] WARN  c.c.service.impl.UsuarioServiceImpl - Intento de recuperación con email inválido: null
2025-06-07 17:32:07.886 [main] INFO  c.c.service.impl.UsuarioServiceImpl - Se envió nueva contraseña al usuario con email: inactivo@test.com
2025-06-07 17:32:07.897 [main] INFO  c.c.service.impl.UsuarioServiceImpl - Se envió nueva contraseña al usuario con email: usuario@test.com
2025-06-07 17:32:07.904 [main] WARN  c.c.service.impl.UsuarioServiceImpl - Recuperación fallida: no existe usuario con el email inexistente@test.com
2025-06-07 17:32:07.911 [main] WARN  c.c.service.impl.UsuarioServiceImpl - Intento de recuperación con email inválido: email-invalido
2025-06-07 17:32:07.914 [main] INFO  c.c.service.impl.UsuarioServiceImpl - Se envió nueva contraseña al usuario con email: test@test.com
2025-06-07 17:32:07.915 [main] INFO  c.c.service.impl.UsuarioServiceImpl - Se envió nueva contraseña al usuario con email: test@test.com
2025-06-07 17:34:27.618 [main] WARN  c.c.service.impl.UsuarioServiceImpl - Intento de recuperación con email inválido: null
2025-06-07 17:34:27.630 [main] INFO  c.c.service.impl.UsuarioServiceImpl - Se envió nueva contraseña al usuario con email: inactivo@test.com
2025-06-07 17:34:27.636 [main] INFO  c.c.service.impl.UsuarioServiceImpl - Se envió nueva contraseña al usuario con email: usuario@test.com
2025-06-07 17:34:27.641 [main] WARN  c.c.service.impl.UsuarioServiceImpl - Recuperación fallida: no existe usuario con el email inexistente@test.com
2025-06-07 17:34:27.644 [main] WARN  c.c.service.impl.UsuarioServiceImpl - Intento de recuperación con email inválido: email-invalido
2025-06-07 17:34:27.647 [main] INFO  c.c.service.impl.UsuarioServiceImpl - Se envió nueva contraseña al usuario con email: test@test.com
2025-06-07 17:34:27.648 [main] INFO  c.c.service.impl.UsuarioServiceImpl - Se envió nueva contraseña al usuario con email: test@test.com
2025-06-11 14:55:07.129 [http-nio-8081-exec-10] INFO  c.c.controller.AuthController - Intento de login para email: adm***@c.com
2025-06-11 14:55:10.739 [http-nio-8081-exec-2] INFO  c.c.controller.AuthController - Intento de login para email: adm***@c.com
2025-06-11 14:55:11.795 [http-nio-8081-exec-4] INFO  c.c.controller.AuthController - Intento de login para email: adm***@c.com
2025-06-11 14:55:15.513 [http-nio-8081-exec-1] INFO  c.c.controller.AuthController - Intento de login para email: adm***@c.com
2025-06-11 14:55:16.118 [http-nio-8081-exec-8] INFO  c.c.controller.AuthController - Intento de login para email: adm***@c.com
2025-06-11 14:55:16.308 [http-nio-8081-exec-6] INFO  c.c.controller.AuthController - Intento de login para email: adm***@c.com
2025-06-11 14:55:16.465 [http-nio-8081-exec-7] INFO  c.c.controller.AuthController - Intento de login para email: adm***@c.com
2025-06-11 14:55:16.627 [http-nio-8081-exec-5] INFO  c.c.controller.AuthController - Intento de login para email: adm***@c.com
2025-06-11 14:55:49.937 [http-nio-8081-exec-10] INFO  c.c.controller.AuthController - Intento de login para email: adm***@c.com
2025-06-11 14:55:50.883 [http-nio-8081-exec-2] INFO  c.c.controller.AuthController - Intento de login para email: adm***@c.com
2025-06-11 14:56:09.992 [http-nio-8081-exec-4] INFO  c.c.controller.AuthController - Intento de login para email: ben***@gmail.com
2025-06-11 14:56:13.524 [http-nio-8081-exec-1] INFO  c.c.controller.AuthController - Intento de login para email: ben***@gmail.com
2025-06-11 14:56:13.818 [http-nio-8081-exec-1] INFO  c.c.controller.AuthController - Login exitoso para usuario ID: 7 (ben***@gmail.com)
2025-06-11 14:56:38.580 [http-nio-8081-exec-6] INFO  c.c.controller.AuthController - Intento de login para email: adm***@c.com
2025-06-11 15:01:31.439 [http-nio-8081-exec-2] INFO  c.c.controller.AuthController - Intento de login para email: ben***@gmail.com
2025-06-11 15:01:34.271 [http-nio-8081-exec-3] INFO  c.c.controller.AuthController - Intento de login para email: ben***@gmail.com
2025-06-11 15:01:34.574 [http-nio-8081-exec-3] INFO  c.c.controller.AuthController - Login exitoso para usuario ID: 7 (ben***@gmail.com)
2025-06-11 17:11:08.899 [http-nio-8081-exec-2] INFO  c.c.controller.AuthController - RegistroRequest recibido - correo: dundunbai123@gmail.com, nombre: b, apellido: c
2025-06-11 17:11:09.191 [http-nio-8081-exec-2] WARN  c.c.controller.AuthController - Registro fallido: contraseña muy corta para email: dun***@gmail.com
2025-06-11 17:11:17.131 [http-nio-8081-exec-6] INFO  c.c.controller.AuthController - RegistroRequest recibido - correo: dundunbai123@gmail.com, nombre: b, apellido: c
2025-06-11 17:18:33.611 [http-nio-8081-exec-8] INFO  c.c.controller.AuthController - RegistroRequest recibido - correo: dundunbai123@gmail.com, nombre: vvv, apellido: ccc
2025-06-11 17:19:42.208 [http-nio-8081-exec-1] INFO  c.c.controller.AuthController - Intento de login para email: dun***@gmail.com
2025-06-11 17:21:59.054 [http-nio-8081-exec-2] INFO  c.c.controller.AuthController - RegistroRequest recibido - correo: dundunbai123@gmail.com, nombre: aaa, apellido: ccc
2025-06-11 17:40:15.359 [http-nio-8081-exec-2] INFO  c.c.controller.AuthController - 🟢 Usuario registrado: aaaaaa eeee (dundunbai123@gmail.com)
2025-06-11 17:40:15.362 [http-nio-8081-exec-2] INFO  c.c.controller.AuthController - 📧 Token enviado: a281cacd-0a0b-4ee3-a919-08be4676f1dd
2025-06-11 17:41:26.437 [http-nio-8081-exec-5] INFO  c.c.controller.AuthController - Login recibido para: dun***@gmail.com
2025-06-11 17:41:45.412 [http-nio-8081-exec-7] INFO  c.c.controller.AuthController - Login recibido para: dun***@gmail.com
2025-06-11 17:43:36.703 [http-nio-8081-exec-9] INFO  c.c.controller.AuthController - 🟢 Usuario registrado: lolo lala (hedex19644@gotemv.com)
2025-06-11 17:43:36.718 [http-nio-8081-exec-9] INFO  c.c.controller.AuthController - 📧 Token enviado: c638f674-fcbd-4537-9cbb-ea44314702eb
2025-06-11 17:55:46.387 [http-nio-8081-exec-1] INFO  c.c.controller.AuthController - 🟢 Usuario registrado: ffff eee (dundunbai123@gmail.com)
2025-06-11 17:55:46.389 [http-nio-8081-exec-1] INFO  c.c.controller.AuthController - 📧 Token enviado: dundunbai123@gmail.com-token
2025-06-11 17:56:42.538 [http-nio-8081-exec-2] INFO  c.c.controller.AuthController - Login recibido para: dun***@gmail.com
2025-06-11 17:56:42.800 [http-nio-8081-exec-2] WARN  c.c.controller.AuthController - Intento de login con cuenta no verificada: dundunbai123@gmail.com
2025-06-11 17:59:50.335 [http-nio-8081-exec-5] INFO  c.c.controller.AuthController - 🟢 Usuario registrado: fff aaa (dundunbai123@gmail.com)
2025-06-11 17:59:50.343 [http-nio-8081-exec-5] INFO  c.c.controller.AuthController - 📧 Token enviado: dundunbai123@gmail.com-token
2025-06-11 18:11:15.004 [http-nio-8081-exec-4] INFO  c.c.controller.AuthController - 🟢 Usuario registrado: www qqqq (dundunbai123@gmail.com)
2025-06-11 18:11:15.010 [http-nio-8081-exec-4] INFO  c.c.controller.AuthController - 📧 Token enviado: dundunbai123@gmail.com-token
2025-06-11 18:15:10.449 [http-nio-8081-exec-8] INFO  c.c.controller.AuthController - 🟢 Usuario registrado: bbb aaa (dundunbai123@gmail.com)
2025-06-11 18:15:10.465 [http-nio-8081-exec-8] INFO  c.c.controller.AuthController - 📧 Token enviado: dundunbai123@gmail.com-token
2025-06-11 18:22:52.491 [http-nio-8081-exec-10] INFO  c.c.controller.AuthController - 🟢 Usuario registrado: prueba corr (ledoxe8729@2mik.com)
2025-06-11 18:22:52.494 [http-nio-8081-exec-10] INFO  c.c.controller.AuthController - 📧 Token enviado: 7a55e375-399f-466d-8ba1-c2d34f253f5e
2025-06-11 18:33:35.701 [http-nio-8081-exec-3] INFO  c.c.controller.AuthController - 🟢 Usuario registrado: aaa qq (dundunbai123@gmail.com)
2025-06-11 18:33:35.706 [http-nio-8081-exec-3] INFO  c.c.controller.AuthController - 📧 Token enviado: e7633ca3-4986-4452-b259-f0e864d72894
2025-06-11 18:41:28.813 [http-nio-8081-exec-4] INFO  c.c.controller.AuthController - 🟢 Usuario registrado: bebeen cococ (dundunbai123@gmail.com)
2025-06-11 18:41:28.817 [http-nio-8081-exec-4] INFO  c.c.controller.AuthController - 📧 Token enviado: 33e218c9-2327-4678-83a7-725168a18246
2025-06-11 18:44:04.840 [http-nio-8081-exec-9] INFO  c.c.controller.AuthController - 🟢 Usuario registrado: aaa aaa (litowac785@adrewire.com)
2025-06-11 18:44:04.884 [http-nio-8081-exec-9] INFO  c.c.controller.AuthController - 📧 Token enviado: 0fbb02e7-0789-4bfe-a741-12bbff9b4c8a
2025-06-11 18:46:02.949 [http-nio-8081-exec-5] INFO  c.c.controller.AuthController - 🟢 Usuario registrado: ddd aaa (jojir28849@gotemv.com)
2025-06-11 18:46:02.967 [http-nio-8081-exec-5] INFO  c.c.controller.AuthController - 📧 Token enviado: 05a2b064-4e36-4168-9cae-6a86f15e43cc
2025-06-11 18:54:15.120 [http-nio-8081-exec-2] INFO  c.c.controller.AuthController - 🟢 Usuario registrado: fff aaa (dundunbai123@gmail.com)
2025-06-11 18:54:15.125 [http-nio-8081-exec-2] INFO  c.c.controller.AuthController - 📧 Token enviado: a53f766e-b495-4617-8ab7-bf888aaa524f
2025-06-11 18:54:33.346 [http-nio-8081-exec-3] INFO  c.c.controller.AuthController - 🔍 Intentando verificar con token: a53f766e-b495-4617-8ab7-bf888aaa524f
2025-06-11 18:54:33.875 [http-nio-8081-exec-3] INFO  c.c.controller.AuthController - ✅ Cuenta activada correctamente para: dundunbai123@gmail.com
2025-06-11 18:54:33.905 [http-nio-8081-exec-6] INFO  c.c.controller.AuthController - 🔍 Intentando verificar con token: a53f766e-b495-4617-8ab7-bf888aaa524f
2025-06-11 18:54:33.906 [http-nio-8081-exec-6] WARN  c.c.controller.AuthController - ❌ Token inválido o expirado: a53f766e-b495-4617-8ab7-bf888aaa524f
2025-06-11 18:58:59.664 [http-nio-8081-exec-10] INFO  c.c.controller.AuthController - 🟢 Usuario registrado: qqq sss (dundunbai123@gmail.com)
2025-06-11 18:58:59.681 [http-nio-8081-exec-10] INFO  c.c.controller.AuthController - 📧 Token enviado: cf320929-7b85-4b8f-b37f-b6cfd326198d
2025-06-11 18:59:18.847 [http-nio-8081-exec-9] INFO  c.c.controller.AuthController - 🔍 Intentando verificar con token: cf320929-7b85-4b8f-b37f-b6cfd326198d
2025-06-11 18:59:19.400 [http-nio-8081-exec-9] INFO  c.c.controller.AuthController - ✅ Cuenta activada correctamente para: dundunbai123@gmail.com
2025-06-11 18:59:19.412 [http-nio-8081-exec-1] INFO  c.c.controller.AuthController - 🔍 Intentando verificar con token: cf320929-7b85-4b8f-b37f-b6cfd326198d
2025-06-11 18:59:19.412 [http-nio-8081-exec-1] WARN  c.c.controller.AuthController - ❌ Token inválido o expirado: cf320929-7b85-4b8f-b37f-b6cfd326198d
2025-06-11 19:03:30.320 [http-nio-8081-exec-3] INFO  c.c.controller.AuthController - 🟢 Usuario registrado: dddd aaaaaaa (dundunbai123@gmail.com)
2025-06-11 19:03:30.339 [http-nio-8081-exec-3] INFO  c.c.controller.AuthController - 📧 Token enviado: ae2487b9-ffcb-4eef-b047-1fc03f0c95ce
2025-06-11 19:03:40.174 [http-nio-8081-exec-6] INFO  c.c.controller.AuthController - 🔍 Intentando verificar con token: ae2487b9-ffcb-4eef-b047-1fc03f0c95ce
2025-06-11 19:03:40.288 [http-nio-8081-exec-6] INFO  c.c.controller.AuthController - ✅ Cuenta activada correctamente para: dundunbai123@gmail.com
2025-06-11 19:03:40.304 [http-nio-8081-exec-4] INFO  c.c.controller.AuthController - 🔍 Intentando verificar con token: ae2487b9-ffcb-4eef-b047-1fc03f0c95ce
2025-06-11 19:03:40.306 [http-nio-8081-exec-4] WARN  c.c.controller.AuthController - ❌ Token inválido o expirado: ae2487b9-ffcb-4eef-b047-1fc03f0c95ce
2025-06-11 19:03:55.205 [http-nio-8081-exec-7] INFO  c.c.controller.AuthController - Login recibido para: dun***@gmail.com
