21:18:12.152 [main] INFO  c.c.ComoencasaBackendApplication - Starting ComoencasaBackendApplication using Java 24.0.1 with PID 15328 (C:\Users\User\Desktop\ComoEnCasa\backend\target\classes started by User in C:\Users\User\Desktop\ComoEnCasa\backend)
21:18:12.154 [main] INFO  c.c.ComoencasaBackendApplication - No active profile set, falling back to 1 default profile: "default"
21:18:12.539 [main] INFO  o.s.d.r.c.RepositoryConfigurationDelegate - Bootstrapping Spring Data JPA repositories in DEFAULT mode.
21:18:12.589 [main] INFO  o.s.d.r.c.RepositoryConfigurationDelegate - Finished Spring Data repository scanning in 45 ms. Found 5 JPA repository interfaces.
21:18:12.890 [main] INFO  o.s.b.w.e.tomcat.TomcatWebServer - Tomcat initialized with port 8081 (http)
21:18:12.897 [main] INFO  o.a.coyote.http11.Http11NioProtocol - Initializing ProtocolHandler ["http-nio-8081"]
21:18:12.898 [main] INFO  o.a.catalina.core.StandardService - Starting service [Tomcat]
21:18:12.898 [main] INFO  o.a.catalina.core.StandardEngine - Starting Servlet engine: [Apache Tomcat/10.1.40]
21:18:12.929 [main] INFO  o.a.c.c.C.[Tomcat].[localhost].[/] - Initializing Spring embedded WebApplicationContext
21:18:12.929 [main] INFO  o.s.b.w.s.c.ServletWebServerApplicationContext - Root WebApplicationContext: initialization completed in 743 ms
21:18:13.015 [main] INFO  o.h.jpa.internal.util.LogHelper - HHH000204: Processing PersistenceUnitInfo [name: default]
21:18:13.048 [main] INFO  org.hibernate.Version - HHH000412: Hibernate ORM core version 6.6.13.Final
21:18:13.071 [main] INFO  o.h.c.i.RegionFactoryInitiator - HHH000026: Second-level cache disabled
21:18:13.248 [main] INFO  o.s.o.j.p.SpringPersistenceUnitInfo - No LoadTimeWeaver setup: ignoring JPA class transformer
21:18:13.269 [main] INFO  com.zaxxer.hikari.HikariDataSource - HikariPool-1 - Starting...
21:18:13.390 [main] INFO  com.zaxxer.hikari.pool.HikariPool - HikariPool-1 - Added connection com.mysql.cj.jdbc.ConnectionImpl@69fe7090
21:18:13.391 [main] INFO  com.zaxxer.hikari.HikariDataSource - HikariPool-1 - Start completed.
21:18:13.423 [main] WARN  org.hibernate.dialect.Dialect - HHH000511: The 5.5.5 version for [org.hibernate.dialect.MySQLDialect] is no longer supported, hence certain features may not work properly. The minimum supported version is 8.0.0. Check the community dialects project for available legacy versions.
21:18:13.426 [main] WARN  org.hibernate.orm.deprecation - HHH90000025: MySQLDialect does not need to be specified explicitly using 'hibernate.dialect' (remove the property setting and it will be selected by default)
21:18:13.451 [main] INFO  o.hibernate.orm.connections.pooling - HHH10001005: Database info:
	Database JDBC URL [Connecting through datasource 'HikariDataSource (HikariPool-1)']
	Database driver: undefined/unknown
	Database version: 5.5.5
	Autocommit mode: undefined/unknown
	Isolation level: undefined/unknown
	Minimum pool size: undefined/unknown
	Maximum pool size: undefined/unknown
21:18:14.095 [main] INFO  o.h.e.t.j.p.i.JtaPlatformInitiator - HHH000489: No JTA platform available (set 'hibernate.transaction.jta.platform' to enable JTA platform integration)
21:18:14.195 [main] INFO  o.s.o.j.LocalContainerEntityManagerFactoryBean - Initialized JPA EntityManagerFactory for persistence unit 'default'
21:18:14.388 [main] INFO  c.c.dao.impl.CarritoDAOImpl - CarritoDAO inicializado con cache Guava - Max: 1000, TTL: 2h
21:18:14.411 [main] INFO  c.c.service.impl.CarritoServiceImpl - CarritoService inicializado con DAO y ProductoService
21:18:14.472 [main] WARN  o.s.b.a.s.s.UserDetailsServiceAutoConfiguration - 

Using generated security password: ff87b34d-0217-4d6d-b4a0-e2a86af7db89

This generated password is for development use only. Your security configuration must be updated before running your application in production.

21:18:14.477 [main] INFO  o.s.s.c.a.a.c.InitializeUserDetailsBeanManagerConfigurer$InitializeUserDetailsManagerConfigurer - Global AuthenticationManager configured with UserDetailsService bean with name inMemoryUserDetailsManager
21:18:14.722 [main] INFO  o.a.coyote.http11.Http11NioProtocol - Starting ProtocolHandler ["http-nio-8081"]
21:18:14.731 [main] INFO  o.s.b.w.e.tomcat.TomcatWebServer - Tomcat started on port 8081 (http) with context path '/'
21:18:14.736 [main] INFO  c.c.ComoencasaBackendApplication - Started ComoencasaBackendApplication in 2.92 seconds (process running for 3.137)
21:18:34.887 [http-nio-8081-exec-1] INFO  o.a.c.c.C.[Tomcat].[localhost].[/] - Initializing Spring DispatcherServlet 'dispatcherServlet'
21:18:34.887 [http-nio-8081-exec-1] INFO  o.s.web.servlet.DispatcherServlet - Initializing Servlet 'dispatcherServlet'
21:18:34.887 [http-nio-8081-exec-1] INFO  o.s.web.servlet.DispatcherServlet - Completed initialization in 0 ms
21:18:42.750 [http-nio-8081-exec-8] INFO  c.c.controller.PedidoController - ADMIN accedió a GET /api/pedidos/usuario/2
21:18:42.753 [http-nio-8081-exec-8] INFO  c.c.service.impl.PedidoServiceImpl - ADMIN: obteniendo pedidos del usuario ID=2
21:18:42.775 [http-nio-8081-exec-4] INFO  c.c.controller.PedidoController - ADMIN accedió a GET /api/pedidos/usuario/2
21:18:42.775 [http-nio-8081-exec-4] INFO  c.c.service.impl.PedidoServiceImpl - ADMIN: obteniendo pedidos del usuario ID=2
21:19:18.120 [SpringApplicationShutdownHook] INFO  o.s.b.w.e.tomcat.GracefulShutdown - Commencing graceful shutdown. Waiting for active requests to complete
21:19:18.123 [tomcat-shutdown] INFO  o.s.b.w.e.tomcat.GracefulShutdown - Graceful shutdown complete
21:19:18.126 [SpringApplicationShutdownHook] INFO  o.s.o.j.LocalContainerEntityManagerFactoryBean - Closing JPA EntityManagerFactory for persistence unit 'default'
21:19:18.127 [SpringApplicationShutdownHook] INFO  com.zaxxer.hikari.HikariDataSource - HikariPool-1 - Shutdown initiated...
21:19:18.130 [SpringApplicationShutdownHook] INFO  com.zaxxer.hikari.HikariDataSource - HikariPool-1 - Shutdown completed.
14:46:06.939 [main] INFO  c.c.ComoencasaBackendApplication - Starting ComoencasaBackendApplication using Java 24.0.1 with PID 1880 (C:\Users\benja\Downloads\ComoEnCasa\backend\target\classes started by benja in C:\Users\benja\Downloads\ComoEnCasa\backend)
14:46:06.952 [main] INFO  c.c.ComoencasaBackendApplication - No active profile set, falling back to 1 default profile: "default"
14:46:10.170 [main] INFO  o.s.d.r.c.RepositoryConfigurationDelegate - Bootstrapping Spring Data JPA repositories in DEFAULT mode.
14:46:10.301 [main] INFO  o.s.d.r.c.RepositoryConfigurationDelegate - Finished Spring Data repository scanning in 116 ms. Found 5 JPA repository interfaces.
14:46:11.665 [main] INFO  o.s.b.w.e.tomcat.TomcatWebServer - Tomcat initialized with port 8081 (http)
14:46:11.709 [main] INFO  o.a.coyote.http11.Http11NioProtocol - Initializing ProtocolHandler ["http-nio-8081"]
14:46:11.712 [main] INFO  o.a.catalina.core.StandardService - Starting service [Tomcat]
14:46:11.713 [main] INFO  o.a.catalina.core.StandardEngine - Starting Servlet engine: [Apache Tomcat/10.1.40]
14:46:11.857 [main] INFO  o.a.c.c.C.[Tomcat].[localhost].[/] - Initializing Spring embedded WebApplicationContext
14:46:11.857 [main] INFO  o.s.b.w.s.c.ServletWebServerApplicationContext - Root WebApplicationContext: initialization completed in 4720 ms
14:46:12.232 [main] INFO  o.h.jpa.internal.util.LogHelper - HHH000204: Processing PersistenceUnitInfo [name: default]
14:46:14.036 [main] INFO  org.hibernate.Version - HHH000412: Hibernate ORM core version 6.6.13.Final
14:46:15.230 [main] INFO  o.h.c.i.RegionFactoryInitiator - HHH000026: Second-level cache disabled
14:46:17.880 [main] INFO  o.s.o.j.p.SpringPersistenceUnitInfo - No LoadTimeWeaver setup: ignoring JPA class transformer
14:46:18.061 [main] INFO  com.zaxxer.hikari.HikariDataSource - HikariPool-1 - Starting...
14:46:18.962 [main] INFO  com.zaxxer.hikari.pool.HikariPool - HikariPool-1 - Added connection com.mysql.cj.jdbc.ConnectionImpl@abc7005
14:46:18.977 [main] INFO  com.zaxxer.hikari.HikariDataSource - HikariPool-1 - Start completed.
14:46:19.213 [main] WARN  org.hibernate.dialect.Dialect - HHH000511: The 5.5.5 version for [org.hibernate.dialect.MySQLDialect] is no longer supported, hence certain features may not work properly. The minimum supported version is 8.0.0. Check the community dialects project for available legacy versions.
14:46:19.254 [main] WARN  org.hibernate.orm.deprecation - HHH90000025: MySQLDialect does not need to be specified explicitly using 'hibernate.dialect' (remove the property setting and it will be selected by default)
14:46:19.408 [main] INFO  o.hibernate.orm.connections.pooling - HHH10001005: Database info:
	Database JDBC URL [Connecting through datasource 'HikariDataSource (HikariPool-1)']
	Database driver: undefined/unknown
	Database version: 5.5.5
	Autocommit mode: undefined/unknown
	Isolation level: undefined/unknown
	Minimum pool size: undefined/unknown
	Maximum pool size: undefined/unknown
14:46:23.083 [main] INFO  o.h.e.t.j.p.i.JtaPlatformInitiator - HHH000489: No JTA platform available (set 'hibernate.transaction.jta.platform' to enable JTA platform integration)
14:46:25.998 [main] INFO  o.s.o.j.LocalContainerEntityManagerFactoryBean - Initialized JPA EntityManagerFactory for persistence unit 'default'
14:46:27.836 [main] INFO  c.c.dao.impl.CarritoDAOImpl - CarritoDAO inicializado con cache Guava - Max: 1000, TTL: 2h
14:46:27.914 [main] INFO  c.c.service.impl.CarritoServiceImpl - CarritoService inicializado con DAO y ProductoService
14:46:28.203 [main] WARN  o.s.b.a.s.s.UserDetailsServiceAutoConfiguration - 

Using generated security password: 04ca16bd-05bb-4ca2-b1f9-8149133cec12

This generated password is for development use only. Your security configuration must be updated before running your application in production.

14:46:28.241 [main] INFO  o.s.s.c.a.a.c.InitializeUserDetailsBeanManagerConfigurer$InitializeUserDetailsManagerConfigurer - Global AuthenticationManager configured with UserDetailsService bean with name inMemoryUserDetailsManager
14:46:29.542 [main] INFO  o.a.coyote.http11.Http11NioProtocol - Starting ProtocolHandler ["http-nio-8081"]
14:46:29.616 [main] INFO  o.s.b.w.e.tomcat.TomcatWebServer - Tomcat started on port 8081 (http) with context path '/'
14:46:29.627 [main] INFO  c.c.ComoencasaBackendApplication - Started ComoencasaBackendApplication in 23.903 seconds (process running for 26.686)
14:46:44.378 [http-nio-8081-exec-2] INFO  o.a.c.c.C.[Tomcat].[localhost].[/] - Initializing Spring DispatcherServlet 'dispatcherServlet'
14:46:44.379 [http-nio-8081-exec-2] INFO  o.s.web.servlet.DispatcherServlet - Initializing Servlet 'dispatcherServlet'
14:46:44.380 [http-nio-8081-exec-2] INFO  o.s.web.servlet.DispatcherServlet - Completed initialization in 1 ms
15:02:27.241 [http-nio-8081-exec-8] INFO  c.c.controller.PedidoController - ADMIN accedió a GET /api/pedidos
15:02:27.301 [http-nio-8081-exec-8] INFO  c.c.service.impl.PedidoServiceImpl - ADMIN: obteniendo todos los pedidos
15:02:28.002 [http-nio-8081-exec-6] INFO  c.c.controller.PedidoController - ADMIN accedió a GET /api/pedidos
15:02:28.006 [http-nio-8081-exec-6] INFO  c.c.service.impl.PedidoServiceImpl - ADMIN: obteniendo todos los pedidos
15:02:42.670 [http-nio-8081-exec-2] ERROR o.a.c.c.C.[.[.[.[dispatcherServlet] - Servlet.service() for servlet [dispatcherServlet] in context with path [] threw exception
java.io.FileNotFoundException: C:\Users\benja\Downloads\ComoEnCasa\backend\.\frontend\src\assets\logo.png (El sistema no puede encontrar la ruta especificada)
	at java.base/java.io.FileInputStream.open0(Native Method)
	at java.base/java.io.FileInputStream.open(FileInputStream.java:185)
	at java.base/java.io.FileInputStream.<init>(FileInputStream.java:139)
	at java.base/java.io.FileInputStream.<init>(FileInputStream.java:109)
	at java.base/sun.net.www.protocol.file.FileURLConnection.connect(FileURLConnection.java:83)
	at java.base/sun.net.www.protocol.file.FileURLConnection.getInputStream(FileURLConnection.java:185)
	at java.base/java.net.URL.openStream(URL.java:1260)
	at com.itextpdf.text.Image.getInstance(Image.java:260)
	at com.itextpdf.text.Image.getInstance(Image.java:241)
	at com.itextpdf.text.Image.getInstance(Image.java:364)
	at com.comoencasa_backend.service.impl.ComprobanteServiceImpl.generarPdf(ComprobanteServiceImpl.java:215)
	at java.base/jdk.internal.reflect.DirectMethodHandleAccessor.invoke(DirectMethodHandleAccessor.java:104)
	at java.base/java.lang.reflect.Method.invoke(Method.java:565)
	at org.springframework.aop.support.AopUtils.invokeJoinpointUsingReflection(AopUtils.java:359)
	at org.springframework.aop.framework.ReflectiveMethodInvocation.invokeJoinpoint(ReflectiveMethodInvocation.java:196)
	at org.springframework.aop.framework.ReflectiveMethodInvocation.proceed(ReflectiveMethodInvocation.java:163)
	at org.springframework.transaction.interceptor.TransactionAspectSupport.invokeWithinTransaction(TransactionAspectSupport.java:380)
	at org.springframework.transaction.interceptor.TransactionInterceptor.invoke(TransactionInterceptor.java:119)
	at org.springframework.aop.framework.ReflectiveMethodInvocation.proceed(ReflectiveMethodInvocation.java:184)
	at org.springframework.aop.framework.CglibAopProxy$DynamicAdvisedInterceptor.intercept(CglibAopProxy.java:728)
	at com.comoencasa_backend.service.impl.ComprobanteServiceImpl$$SpringCGLIB$$0.generarPdf(<generated>)
	at com.comoencasa_backend.controller.ComprobanteController.exportPdf(ComprobanteController.java:71)
	at java.base/jdk.internal.reflect.DirectMethodHandleAccessor.invoke(DirectMethodHandleAccessor.java:104)
	at java.base/java.lang.reflect.Method.invoke(Method.java:565)
	at org.springframework.web.method.support.InvocableHandlerMethod.doInvoke(InvocableHandlerMethod.java:258)
	at org.springframework.web.method.support.InvocableHandlerMethod.invokeForRequest(InvocableHandlerMethod.java:191)
	at org.springframework.web.servlet.mvc.method.annotation.ServletInvocableHandlerMethod.invokeAndHandle(ServletInvocableHandlerMethod.java:118)
	at org.springframework.web.servlet.mvc.method.annotation.RequestMappingHandlerAdapter.invokeHandlerMethod(RequestMappingHandlerAdapter.java:986)
	at org.springframework.web.servlet.mvc.method.annotation.RequestMappingHandlerAdapter.handleInternal(RequestMappingHandlerAdapter.java:891)
	at org.springframework.web.servlet.mvc.method.AbstractHandlerMethodAdapter.handle(AbstractHandlerMethodAdapter.java:87)
	at org.springframework.web.servlet.DispatcherServlet.doDispatch(DispatcherServlet.java:1089)
	at org.springframework.web.servlet.DispatcherServlet.doService(DispatcherServlet.java:979)
	at org.springframework.web.servlet.FrameworkServlet.processRequest(FrameworkServlet.java:1014)
	at org.springframework.web.servlet.FrameworkServlet.doGet(FrameworkServlet.java:903)
	at jakarta.servlet.http.HttpServlet.service(HttpServlet.java:564)
	at org.springframework.web.servlet.FrameworkServlet.service(FrameworkServlet.java:885)
	at jakarta.servlet.http.HttpServlet.service(HttpServlet.java:658)
	at org.apache.catalina.core.ApplicationFilterChain.internalDoFilter(ApplicationFilterChain.java:195)
	at org.apache.catalina.core.ApplicationFilterChain.doFilter(ApplicationFilterChain.java:140)
	at org.apache.tomcat.websocket.server.WsFilter.doFilter(WsFilter.java:51)
	at org.apache.catalina.core.ApplicationFilterChain.internalDoFilter(ApplicationFilterChain.java:164)
	at org.apache.catalina.core.ApplicationFilterChain.doFilter(ApplicationFilterChain.java:140)
	at org.springframework.web.filter.CompositeFilter$VirtualFilterChain.doFilter(CompositeFilter.java:108)
	at org.springframework.security.web.FilterChainProxy.lambda$doFilterInternal$3(FilterChainProxy.java:231)
	at org.springframework.security.web.FilterChainProxy$VirtualFilterChain.doFilter(FilterChainProxy.java:365)
	at org.springframework.security.web.access.intercept.AuthorizationFilter.doFilter(AuthorizationFilter.java:101)
	at org.springframework.security.web.FilterChainProxy$VirtualFilterChain.doFilter(FilterChainProxy.java:374)
	at org.springframework.security.web.access.ExceptionTranslationFilter.doFilter(ExceptionTranslationFilter.java:126)
	at org.springframework.security.web.access.ExceptionTranslationFilter.doFilter(ExceptionTranslationFilter.java:120)
	at org.springframework.security.web.FilterChainProxy$VirtualFilterChain.doFilter(FilterChainProxy.java:374)
	at org.springframework.security.web.session.SessionManagementFilter.doFilter(SessionManagementFilter.java:131)
	at org.springframework.security.web.session.SessionManagementFilter.doFilter(SessionManagementFilter.java:85)
	at org.springframework.security.web.FilterChainProxy$VirtualFilterChain.doFilter(FilterChainProxy.java:374)
	at org.springframework.security.web.authentication.AnonymousAuthenticationFilter.doFilter(AnonymousAuthenticationFilter.java:100)
	at org.springframework.security.web.FilterChainProxy$VirtualFilterChain.doFilter(FilterChainProxy.java:374)
	at org.springframework.security.web.servletapi.SecurityContextHolderAwareRequestFilter.doFilter(SecurityContextHolderAwareRequestFilter.java:179)
	at org.springframework.security.web.FilterChainProxy$VirtualFilterChain.doFilter(FilterChainProxy.java:374)
	at org.springframework.security.web.savedrequest.RequestCacheAwareFilter.doFilter(RequestCacheAwareFilter.java:63)
	at org.springframework.security.web.FilterChainProxy$VirtualFilterChain.doFilter(FilterChainProxy.java:374)
	at org.springframework.security.web.authentication.logout.LogoutFilter.doFilter(LogoutFilter.java:107)
	at org.springframework.security.web.authentication.logout.LogoutFilter.doFilter(LogoutFilter.java:93)
	at org.springframework.security.web.FilterChainProxy$VirtualFilterChain.doFilter(FilterChainProxy.java:374)
	at org.springframework.web.filter.CorsFilter.doFilterInternal(CorsFilter.java:91)
	at org.springframework.web.filter.OncePerRequestFilter.doFilter(OncePerRequestFilter.java:116)
	at org.springframework.security.web.FilterChainProxy$VirtualFilterChain.doFilter(FilterChainProxy.java:374)
	at org.springframework.security.web.header.HeaderWriterFilter.doHeadersAfter(HeaderWriterFilter.java:90)
	at org.springframework.security.web.header.HeaderWriterFilter.doFilterInternal(HeaderWriterFilter.java:75)
	at org.springframework.web.filter.OncePerRequestFilter.doFilter(OncePerRequestFilter.java:116)
	at org.springframework.security.web.FilterChainProxy$VirtualFilterChain.doFilter(FilterChainProxy.java:374)
	at org.springframework.security.web.context.SecurityContextHolderFilter.doFilter(SecurityContextHolderFilter.java:82)
	at org.springframework.security.web.context.SecurityContextHolderFilter.doFilter(SecurityContextHolderFilter.java:69)
	at org.springframework.security.web.FilterChainProxy$VirtualFilterChain.doFilter(FilterChainProxy.java:374)
	at org.springframework.security.web.context.request.async.WebAsyncManagerIntegrationFilter.doFilterInternal(WebAsyncManagerIntegrationFilter.java:62)
	at org.springframework.web.filter.OncePerRequestFilter.doFilter(OncePerRequestFilter.java:116)
	at org.springframework.security.web.FilterChainProxy$VirtualFilterChain.doFilter(FilterChainProxy.java:374)
	at org.springframework.security.web.session.DisableEncodeUrlFilter.doFilterInternal(DisableEncodeUrlFilter.java:42)
	at org.springframework.web.filter.OncePerRequestFilter.doFilter(OncePerRequestFilter.java:116)
	at org.springframework.security.web.FilterChainProxy$VirtualFilterChain.doFilter(FilterChainProxy.java:374)
	at org.springframework.security.web.FilterChainProxy.doFilterInternal(FilterChainProxy.java:233)
	at org.springframework.security.web.FilterChainProxy.doFilter(FilterChainProxy.java:191)
	at org.springframework.web.filter.CompositeFilter$VirtualFilterChain.doFilter(CompositeFilter.java:113)
	at org.springframework.web.servlet.handler.HandlerMappingIntrospector.lambda$createCacheFilter$3(HandlerMappingIntrospector.java:243)
	at org.springframework.web.filter.CompositeFilter$VirtualFilterChain.doFilter(CompositeFilter.java:113)
	at org.springframework.web.filter.CompositeFilter.doFilter(CompositeFilter.java:74)
	at org.springframework.security.config.annotation.web.configuration.WebMvcSecurityConfiguration$CompositeFilterChainProxy.doFilter(WebMvcSecurityConfiguration.java:238)
	at org.springframework.web.filter.DelegatingFilterProxy.invokeDelegate(DelegatingFilterProxy.java:362)
	at org.springframework.web.filter.DelegatingFilterProxy.doFilter(DelegatingFilterProxy.java:278)
	at org.apache.catalina.core.ApplicationFilterChain.internalDoFilter(ApplicationFilterChain.java:164)
	at org.apache.catalina.core.ApplicationFilterChain.doFilter(ApplicationFilterChain.java:140)
	at org.springframework.web.filter.RequestContextFilter.doFilterInternal(RequestContextFilter.java:100)
	at org.springframework.web.filter.OncePerRequestFilter.doFilter(OncePerRequestFilter.java:116)
	at org.apache.catalina.core.ApplicationFilterChain.internalDoFilter(ApplicationFilterChain.java:164)
	at org.apache.catalina.core.ApplicationFilterChain.doFilter(ApplicationFilterChain.java:140)
	at org.springframework.web.filter.FormContentFilter.doFilterInternal(FormContentFilter.java:93)
	at org.springframework.web.filter.OncePerRequestFilter.doFilter(OncePerRequestFilter.java:116)
	at org.apache.catalina.core.ApplicationFilterChain.internalDoFilter(ApplicationFilterChain.java:164)
	at org.apache.catalina.core.ApplicationFilterChain.doFilter(ApplicationFilterChain.java:140)
	at org.springframework.web.filter.CharacterEncodingFilter.doFilterInternal(CharacterEncodingFilter.java:201)
	at org.springframework.web.filter.OncePerRequestFilter.doFilter(OncePerRequestFilter.java:116)
	at org.apache.catalina.core.ApplicationFilterChain.internalDoFilter(ApplicationFilterChain.java:164)
	at org.apache.catalina.core.ApplicationFilterChain.doFilter(ApplicationFilterChain.java:140)
	at org.apache.catalina.core.StandardWrapperValve.invoke(StandardWrapperValve.java:167)
	at org.apache.catalina.core.StandardContextValve.invoke(StandardContextValve.java:90)
	at org.apache.catalina.authenticator.AuthenticatorBase.invoke(AuthenticatorBase.java:483)
	at org.apache.catalina.core.StandardHostValve.invoke(StandardHostValve.java:116)
	at org.apache.catalina.valves.ErrorReportValve.invoke(ErrorReportValve.java:93)
	at org.apache.catalina.core.StandardEngineValve.invoke(StandardEngineValve.java:74)
	at org.apache.catalina.connector.CoyoteAdapter.service(CoyoteAdapter.java:344)
	at org.apache.coyote.http11.Http11Processor.service(Http11Processor.java:398)
	at org.apache.coyote.AbstractProcessorLight.process(AbstractProcessorLight.java:63)
	at org.apache.coyote.AbstractProtocol$ConnectionHandler.process(AbstractProtocol.java:903)
	at org.apache.tomcat.util.net.NioEndpoint$SocketProcessor.doRun(NioEndpoint.java:1740)
	at org.apache.tomcat.util.net.SocketProcessorBase.run(SocketProcessorBase.java:52)
	at org.apache.tomcat.util.threads.ThreadPoolExecutor.runWorker(ThreadPoolExecutor.java:1189)
	at org.apache.tomcat.util.threads.ThreadPoolExecutor$Worker.run(ThreadPoolExecutor.java:658)
	at org.apache.tomcat.util.threads.TaskThread$WrappingRunnable.run(TaskThread.java:63)
	at java.base/java.lang.Thread.run(Thread.java:1447)
15:03:24.591 [http-nio-8081-exec-8] INFO  c.c.controller.PedidoController - ADMIN accedió a GET /api/pedidos
15:03:24.614 [http-nio-8081-exec-8] INFO  c.c.service.impl.PedidoServiceImpl - ADMIN: obteniendo todos los pedidos
15:03:24.707 [http-nio-8081-exec-6] INFO  c.c.controller.PedidoController - ADMIN accedió a GET /api/pedidos
15:03:24.711 [http-nio-8081-exec-6] INFO  c.c.service.impl.PedidoServiceImpl - ADMIN: obteniendo todos los pedidos
15:04:59.421 [http-nio-8081-exec-4] INFO  c.c.controller.PedidoController - ADMIN accedió a GET /api/pedidos
15:04:59.439 [http-nio-8081-exec-4] INFO  c.c.service.impl.PedidoServiceImpl - ADMIN: obteniendo todos los pedidos
15:04:59.497 [http-nio-8081-exec-1] INFO  c.c.controller.PedidoController - ADMIN accedió a GET /api/pedidos
15:04:59.500 [http-nio-8081-exec-1] INFO  c.c.service.impl.PedidoServiceImpl - ADMIN: obteniendo todos los pedidos
15:05:01.133 [http-nio-8081-exec-7] INFO  c.c.controller.PedidoController - ADMIN accedió a GET /api/pedidos
15:05:01.137 [http-nio-8081-exec-7] INFO  c.c.service.impl.PedidoServiceImpl - ADMIN: obteniendo todos los pedidos
15:05:01.203 [http-nio-8081-exec-9] INFO  c.c.controller.PedidoController - ADMIN accedió a GET /api/pedidos
15:05:01.211 [http-nio-8081-exec-9] INFO  c.c.service.impl.PedidoServiceImpl - ADMIN: obteniendo todos los pedidos
15:05:03.740 [http-nio-8081-exec-4] INFO  c.c.controller.PedidoController - ADMIN accedió a GET /api/pedidos
15:05:03.744 [http-nio-8081-exec-4] INFO  c.c.service.impl.PedidoServiceImpl - ADMIN: obteniendo todos los pedidos
15:05:03.778 [http-nio-8081-exec-1] INFO  c.c.controller.PedidoController - ADMIN accedió a GET /api/pedidos
15:05:03.779 [http-nio-8081-exec-1] INFO  c.c.service.impl.PedidoServiceImpl - ADMIN: obteniendo todos los pedidos
15:05:06.931 [http-nio-8081-exec-2] INFO  c.c.controller.PedidoController - ADMIN accedió a GET /api/pedidos
15:05:06.934 [http-nio-8081-exec-2] INFO  c.c.service.impl.PedidoServiceImpl - ADMIN: obteniendo todos los pedidos
15:05:06.965 [http-nio-8081-exec-3] INFO  c.c.controller.PedidoController - ADMIN accedió a GET /api/pedidos
15:05:06.967 [http-nio-8081-exec-3] INFO  c.c.service.impl.PedidoServiceImpl - ADMIN: obteniendo todos los pedidos
15:43:33.679 [SpringApplicationShutdownHook] INFO  o.s.b.w.e.tomcat.GracefulShutdown - Commencing graceful shutdown. Waiting for active requests to complete
15:43:33.807 [tomcat-shutdown] INFO  o.s.b.w.e.tomcat.GracefulShutdown - Graceful shutdown complete
15:43:33.925 [SpringApplicationShutdownHook] INFO  o.s.o.j.LocalContainerEntityManagerFactoryBean - Closing JPA EntityManagerFactory for persistence unit 'default'
15:43:34.015 [SpringApplicationShutdownHook] INFO  com.zaxxer.hikari.HikariDataSource - HikariPool-1 - Shutdown initiated...
15:43:34.064 [SpringApplicationShutdownHook] INFO  com.zaxxer.hikari.HikariDataSource - HikariPool-1 - Shutdown completed.
16:47:24.786 [main] INFO  c.c.ComoencasaBackendApplication - Starting ComoencasaBackendApplication using Java 24.0.1 with PID 16724 (C:\Users\benja\Downloads\ComoEnCasa\backend\target\classes started by benja in C:\Users\benja\Downloads\ComoEnCasa\backend)
16:47:24.788 [main] INFO  c.c.ComoencasaBackendApplication - No active profile set, falling back to 1 default profile: "default"
16:47:26.511 [main] INFO  o.s.d.r.c.RepositoryConfigurationDelegate - Bootstrapping Spring Data JPA repositories in DEFAULT mode.
16:47:26.653 [main] INFO  o.s.d.r.c.RepositoryConfigurationDelegate - Finished Spring Data repository scanning in 129 ms. Found 5 JPA repository interfaces.
16:47:27.328 [main] INFO  o.s.b.w.e.tomcat.TomcatWebServer - Tomcat initialized with port 8081 (http)
16:47:27.348 [main] INFO  o.a.coyote.http11.Http11NioProtocol - Initializing ProtocolHandler ["http-nio-8081"]
16:47:27.349 [main] INFO  o.a.catalina.core.StandardService - Starting service [Tomcat]
16:47:27.350 [main] INFO  o.a.catalina.core.StandardEngine - Starting Servlet engine: [Apache Tomcat/10.1.40]
16:47:27.413 [main] INFO  o.a.c.c.C.[Tomcat].[localhost].[/] - Initializing Spring embedded WebApplicationContext
16:47:27.413 [main] INFO  o.s.b.w.s.c.ServletWebServerApplicationContext - Root WebApplicationContext: initialization completed in 2577 ms
16:47:27.674 [main] INFO  o.h.jpa.internal.util.LogHelper - HHH000204: Processing PersistenceUnitInfo [name: default]
16:47:27.759 [main] INFO  org.hibernate.Version - HHH000412: Hibernate ORM core version 6.6.13.Final
16:47:27.802 [main] INFO  o.h.c.i.RegionFactoryInitiator - HHH000026: Second-level cache disabled
16:47:28.198 [main] INFO  o.s.o.j.p.SpringPersistenceUnitInfo - No LoadTimeWeaver setup: ignoring JPA class transformer
16:47:28.237 [main] INFO  com.zaxxer.hikari.HikariDataSource - HikariPool-1 - Starting...
16:47:28.463 [main] INFO  com.zaxxer.hikari.pool.HikariPool - HikariPool-1 - Added connection com.mysql.cj.jdbc.ConnectionImpl@1fa9692b
16:47:28.465 [main] INFO  com.zaxxer.hikari.HikariDataSource - HikariPool-1 - Start completed.
16:47:28.506 [main] WARN  org.hibernate.dialect.Dialect - HHH000511: The 5.5.5 version for [org.hibernate.dialect.MySQLDialect] is no longer supported, hence certain features may not work properly. The minimum supported version is 8.0.0. Check the community dialects project for available legacy versions.
16:47:28.511 [main] WARN  org.hibernate.orm.deprecation - HHH90000025: MySQLDialect does not need to be specified explicitly using 'hibernate.dialect' (remove the property setting and it will be selected by default)
16:47:28.529 [main] INFO  o.hibernate.orm.connections.pooling - HHH10001005: Database info:
	Database JDBC URL [Connecting through datasource 'HikariDataSource (HikariPool-1)']
	Database driver: undefined/unknown
	Database version: 5.5.5
	Autocommit mode: undefined/unknown
	Isolation level: undefined/unknown
	Minimum pool size: undefined/unknown
	Maximum pool size: undefined/unknown
16:47:29.663 [main] INFO  o.h.e.t.j.p.i.JtaPlatformInitiator - HHH000489: No JTA platform available (set 'hibernate.transaction.jta.platform' to enable JTA platform integration)
16:47:29.925 [main] INFO  o.s.o.j.LocalContainerEntityManagerFactoryBean - Initialized JPA EntityManagerFactory for persistence unit 'default'
16:47:30.359 [main] INFO  c.c.dao.impl.CarritoDAOImpl - CarritoDAO inicializado con cache Guava - Max: 1000, TTL: 2h
16:47:30.405 [main] INFO  c.c.service.impl.CarritoServiceImpl - CarritoService inicializado con DAO y ProductoService
16:47:30.646 [main] WARN  o.s.b.a.s.s.UserDetailsServiceAutoConfiguration - 

Using generated security password: f89782db-14f0-4c68-894d-f0fe59bb1f81

This generated password is for development use only. Your security configuration must be updated before running your application in production.

16:47:30.653 [main] INFO  o.s.s.c.a.a.c.InitializeUserDetailsBeanManagerConfigurer$InitializeUserDetailsManagerConfigurer - Global AuthenticationManager configured with UserDetailsService bean with name inMemoryUserDetailsManager
16:47:31.301 [main] INFO  o.a.coyote.http11.Http11NioProtocol - Starting ProtocolHandler ["http-nio-8081"]
16:47:31.318 [main] INFO  o.s.b.w.e.tomcat.TomcatWebServer - Tomcat started on port 8081 (http) with context path '/'
16:47:31.325 [main] INFO  c.c.ComoencasaBackendApplication - Started ComoencasaBackendApplication in 7.36 seconds (process running for 14.389)
16:48:37.139 [http-nio-8081-exec-1] INFO  o.a.c.c.C.[Tomcat].[localhost].[/] - Initializing Spring DispatcherServlet 'dispatcherServlet'
16:48:37.142 [http-nio-8081-exec-1] INFO  o.s.web.servlet.DispatcherServlet - Initializing Servlet 'dispatcherServlet'
16:48:37.152 [http-nio-8081-exec-1] INFO  o.s.web.servlet.DispatcherServlet - Completed initialization in 10 ms
17:00:03.718 [SpringApplicationShutdownHook] INFO  o.s.b.w.e.tomcat.GracefulShutdown - Commencing graceful shutdown. Waiting for active requests to complete
17:00:03.873 [tomcat-shutdown] INFO  o.s.b.w.e.tomcat.GracefulShutdown - Graceful shutdown complete
17:00:04.050 [SpringApplicationShutdownHook] INFO  o.s.o.j.LocalContainerEntityManagerFactoryBean - Closing JPA EntityManagerFactory for persistence unit 'default'
17:00:04.200 [SpringApplicationShutdownHook] INFO  com.zaxxer.hikari.HikariDataSource - HikariPool-1 - Shutdown initiated...
17:00:04.610 [SpringApplicationShutdownHook] INFO  com.zaxxer.hikari.HikariDataSource - HikariPool-1 - Shutdown completed.
17:00:19.079 [main] INFO  c.c.ComoencasaBackendApplication - Starting ComoencasaBackendApplication using Java 24.0.1 with PID 30084 (C:\Users\benja\Downloads\ComoEnCasa\backend\target\classes started by benja in C:\Users\benja\Downloads\ComoEnCasa\backend)
17:00:19.082 [main] INFO  c.c.ComoencasaBackendApplication - No active profile set, falling back to 1 default profile: "default"
17:00:20.783 [main] INFO  o.s.d.r.c.RepositoryConfigurationDelegate - Bootstrapping Spring Data JPA repositories in DEFAULT mode.
17:00:20.902 [main] INFO  o.s.d.r.c.RepositoryConfigurationDelegate - Finished Spring Data repository scanning in 103 ms. Found 5 JPA repository interfaces.
17:00:21.730 [main] INFO  o.s.b.w.e.tomcat.TomcatWebServer - Tomcat initialized with port 8081 (http)
17:00:21.750 [main] INFO  o.a.coyote.http11.Http11NioProtocol - Initializing ProtocolHandler ["http-nio-8081"]
17:00:21.752 [main] INFO  o.a.catalina.core.StandardService - Starting service [Tomcat]
17:00:21.753 [main] INFO  o.a.catalina.core.StandardEngine - Starting Servlet engine: [Apache Tomcat/10.1.40]
17:00:21.811 [main] INFO  o.a.c.c.C.[Tomcat].[localhost].[/] - Initializing Spring embedded WebApplicationContext
17:00:21.812 [main] INFO  o.s.b.w.s.c.ServletWebServerApplicationContext - Root WebApplicationContext: initialization completed in 2637 ms
17:00:22.111 [main] INFO  o.h.jpa.internal.util.LogHelper - HHH000204: Processing PersistenceUnitInfo [name: default]
17:00:22.214 [main] INFO  org.hibernate.Version - HHH000412: Hibernate ORM core version 6.6.13.Final
17:00:22.266 [main] INFO  o.h.c.i.RegionFactoryInitiator - HHH000026: Second-level cache disabled
17:00:24.017 [main] INFO  o.s.o.j.p.SpringPersistenceUnitInfo - No LoadTimeWeaver setup: ignoring JPA class transformer
17:00:24.188 [main] INFO  com.zaxxer.hikari.HikariDataSource - HikariPool-1 - Starting...
17:00:24.781 [main] INFO  com.zaxxer.hikari.pool.HikariPool - HikariPool-1 - Added connection com.mysql.cj.jdbc.ConnectionImpl@563263a
17:00:24.787 [main] INFO  com.zaxxer.hikari.HikariDataSource - HikariPool-1 - Start completed.
17:00:24.912 [main] WARN  org.hibernate.dialect.Dialect - HHH000511: The 5.5.5 version for [org.hibernate.dialect.MySQLDialect] is no longer supported, hence certain features may not work properly. The minimum supported version is 8.0.0. Check the community dialects project for available legacy versions.
17:00:24.928 [main] WARN  org.hibernate.orm.deprecation - HHH90000025: MySQLDialect does not need to be specified explicitly using 'hibernate.dialect' (remove the property setting and it will be selected by default)
17:00:24.977 [main] INFO  o.hibernate.orm.connections.pooling - HHH10001005: Database info:
	Database JDBC URL [Connecting through datasource 'HikariDataSource (HikariPool-1)']
	Database driver: undefined/unknown
	Database version: 5.5.5
	Autocommit mode: undefined/unknown
	Isolation level: undefined/unknown
	Minimum pool size: undefined/unknown
	Maximum pool size: undefined/unknown
17:00:28.475 [main] INFO  o.h.e.t.j.p.i.JtaPlatformInitiator - HHH000489: No JTA platform available (set 'hibernate.transaction.jta.platform' to enable JTA platform integration)
17:00:29.144 [main] INFO  o.s.o.j.LocalContainerEntityManagerFactoryBean - Initialized JPA EntityManagerFactory for persistence unit 'default'
17:00:30.268 [main] INFO  c.c.dao.impl.CarritoDAOImpl - CarritoDAO inicializado con cache Guava - Max: 1000, TTL: 2h
17:00:30.372 [main] INFO  c.c.service.impl.CarritoServiceImpl - CarritoService inicializado con DAO y ProductoService
17:00:30.891 [main] WARN  o.s.b.a.s.s.UserDetailsServiceAutoConfiguration - 

Using generated security password: da889a23-9dcc-4cd3-a830-7bc1601ddeaf

This generated password is for development use only. Your security configuration must be updated before running your application in production.

17:00:30.922 [main] INFO  o.s.s.c.a.a.c.InitializeUserDetailsBeanManagerConfigurer$InitializeUserDetailsManagerConfigurer - Global AuthenticationManager configured with UserDetailsService bean with name inMemoryUserDetailsManager
17:00:32.412 [main] INFO  o.a.coyote.http11.Http11NioProtocol - Starting ProtocolHandler ["http-nio-8081"]
17:00:32.474 [main] INFO  o.s.b.w.e.tomcat.TomcatWebServer - Tomcat started on port 8081 (http) with context path '/'
17:00:32.498 [main] INFO  c.c.ComoencasaBackendApplication - Started ComoencasaBackendApplication in 14.937 seconds (process running for 16.576)
17:03:45.127 [http-nio-8081-exec-1] INFO  o.a.c.c.C.[Tomcat].[localhost].[/] - Initializing Spring DispatcherServlet 'dispatcherServlet'
17:03:45.134 [http-nio-8081-exec-1] INFO  o.s.web.servlet.DispatcherServlet - Initializing Servlet 'dispatcherServlet'
17:03:45.161 [http-nio-8081-exec-1] INFO  o.s.web.servlet.DispatcherServlet - Completed initialization in 27 ms
17:30:09.330 [SpringApplicationShutdownHook] INFO  o.s.b.w.e.tomcat.GracefulShutdown - Commencing graceful shutdown. Waiting for active requests to complete
17:30:09.452 [tomcat-shutdown] INFO  o.s.b.w.e.tomcat.GracefulShutdown - Graceful shutdown complete
17:30:09.594 [SpringApplicationShutdownHook] INFO  o.s.o.j.LocalContainerEntityManagerFactoryBean - Closing JPA EntityManagerFactory for persistence unit 'default'
17:30:09.760 [SpringApplicationShutdownHook] INFO  com.zaxxer.hikari.HikariDataSource - HikariPool-1 - Shutdown initiated...
17:30:09.825 [SpringApplicationShutdownHook] INFO  com.zaxxer.hikari.HikariDataSource - HikariPool-1 - Shutdown completed.
17:30:26.120 [main] INFO  c.c.ComoencasaBackendApplication - Starting ComoencasaBackendApplication using Java 24.0.1 with PID 8156 (C:\Users\benja\Downloads\ComoEnCasa\backend\target\classes started by benja in C:\Users\benja\Downloads\ComoEnCasa\backend)
17:30:26.124 [main] INFO  c.c.ComoencasaBackendApplication - No active profile set, falling back to 1 default profile: "default"
17:30:28.101 [main] INFO  o.s.d.r.c.RepositoryConfigurationDelegate - Bootstrapping Spring Data JPA repositories in DEFAULT mode.
17:30:28.244 [main] INFO  o.s.d.r.c.RepositoryConfigurationDelegate - Finished Spring Data repository scanning in 126 ms. Found 5 JPA repository interfaces.
17:30:29.216 [main] INFO  o.s.b.w.e.tomcat.TomcatWebServer - Tomcat initialized with port 8081 (http)
17:30:29.241 [main] INFO  o.a.coyote.http11.Http11NioProtocol - Initializing ProtocolHandler ["http-nio-8081"]
17:30:29.244 [main] INFO  o.a.catalina.core.StandardService - Starting service [Tomcat]
17:30:29.244 [main] INFO  o.a.catalina.core.StandardEngine - Starting Servlet engine: [Apache Tomcat/10.1.40]
17:30:29.342 [main] INFO  o.a.c.c.C.[Tomcat].[localhost].[/] - Initializing Spring embedded WebApplicationContext
17:30:29.343 [main] INFO  o.s.b.w.s.c.ServletWebServerApplicationContext - Root WebApplicationContext: initialization completed in 3079 ms
17:30:29.607 [main] INFO  o.h.jpa.internal.util.LogHelper - HHH000204: Processing PersistenceUnitInfo [name: default]
17:30:29.715 [main] INFO  org.hibernate.Version - HHH000412: Hibernate ORM core version 6.6.13.Final
17:30:29.795 [main] INFO  o.h.c.i.RegionFactoryInitiator - HHH000026: Second-level cache disabled
17:30:30.479 [main] INFO  o.s.o.j.p.SpringPersistenceUnitInfo - No LoadTimeWeaver setup: ignoring JPA class transformer
17:30:30.561 [main] INFO  com.zaxxer.hikari.HikariDataSource - HikariPool-1 - Starting...
17:30:30.924 [main] INFO  com.zaxxer.hikari.pool.HikariPool - HikariPool-1 - Added connection com.mysql.cj.jdbc.ConnectionImpl@1be77a76
17:30:30.928 [main] INFO  com.zaxxer.hikari.HikariDataSource - HikariPool-1 - Start completed.
17:30:31.010 [main] WARN  org.hibernate.dialect.Dialect - HHH000511: The 5.5.5 version for [org.hibernate.dialect.MySQLDialect] is no longer supported, hence certain features may not work properly. The minimum supported version is 8.0.0. Check the community dialects project for available legacy versions.
17:30:31.019 [main] WARN  org.hibernate.orm.deprecation - HHH90000025: MySQLDialect does not need to be specified explicitly using 'hibernate.dialect' (remove the property setting and it will be selected by default)
17:30:31.056 [main] INFO  o.hibernate.orm.connections.pooling - HHH10001005: Database info:
	Database JDBC URL [Connecting through datasource 'HikariDataSource (HikariPool-1)']
	Database driver: undefined/unknown
	Database version: 5.5.5
	Autocommit mode: undefined/unknown
	Isolation level: undefined/unknown
	Minimum pool size: undefined/unknown
	Maximum pool size: undefined/unknown
17:30:33.633 [main] INFO  o.h.e.t.j.p.i.JtaPlatformInitiator - HHH000489: No JTA platform available (set 'hibernate.transaction.jta.platform' to enable JTA platform integration)
17:30:33.898 [main] INFO  o.s.o.j.LocalContainerEntityManagerFactoryBean - Initialized JPA EntityManagerFactory for persistence unit 'default'
17:30:34.692 [main] INFO  c.c.dao.impl.CarritoDAOImpl - CarritoDAO inicializado con cache Guava - Max: 1000, TTL: 2h
17:30:34.766 [main] INFO  c.c.service.impl.CarritoServiceImpl - CarritoService inicializado con DAO y ProductoService
17:30:35.019 [main] WARN  o.s.b.a.s.s.UserDetailsServiceAutoConfiguration - 

Using generated security password: 289f8c43-547c-41e6-8b40-fc01f84dca62

This generated password is for development use only. Your security configuration must be updated before running your application in production.

17:30:35.037 [main] INFO  o.s.s.c.a.a.c.InitializeUserDetailsBeanManagerConfigurer$InitializeUserDetailsManagerConfigurer - Global AuthenticationManager configured with UserDetailsService bean with name inMemoryUserDetailsManager
17:30:36.223 [main] INFO  o.a.coyote.http11.Http11NioProtocol - Starting ProtocolHandler ["http-nio-8081"]
17:30:36.275 [main] INFO  o.s.b.w.e.tomcat.TomcatWebServer - Tomcat started on port 8081 (http) with context path '/'
17:30:36.296 [main] INFO  c.c.ComoencasaBackendApplication - Started ComoencasaBackendApplication in 12.487 seconds (process running for 14.163)
17:31:16.523 [http-nio-8081-exec-2] INFO  o.a.c.c.C.[Tomcat].[localhost].[/] - Initializing Spring DispatcherServlet 'dispatcherServlet'
17:31:16.536 [http-nio-8081-exec-2] INFO  o.s.web.servlet.DispatcherServlet - Initializing Servlet 'dispatcherServlet'
17:31:16.579 [http-nio-8081-exec-2] INFO  o.s.web.servlet.DispatcherServlet - Completed initialization in 43 ms
17:38:32.715 [SpringApplicationShutdownHook] INFO  o.s.b.w.e.tomcat.GracefulShutdown - Commencing graceful shutdown. Waiting for active requests to complete
17:38:32.787 [tomcat-shutdown] INFO  o.s.b.w.e.tomcat.GracefulShutdown - Graceful shutdown complete
17:38:32.866 [SpringApplicationShutdownHook] INFO  o.s.o.j.LocalContainerEntityManagerFactoryBean - Closing JPA EntityManagerFactory for persistence unit 'default'
17:38:32.916 [SpringApplicationShutdownHook] INFO  com.zaxxer.hikari.HikariDataSource - HikariPool-1 - Shutdown initiated...
17:38:32.984 [SpringApplicationShutdownHook] INFO  com.zaxxer.hikari.HikariDataSource - HikariPool-1 - Shutdown completed.
17:38:46.508 [main] INFO  c.c.ComoencasaBackendApplication - Starting ComoencasaBackendApplication using Java 24.0.1 with PID 18696 (C:\Users\benja\Downloads\ComoEnCasa\backend\target\classes started by benja in C:\Users\benja\Downloads\ComoEnCasa\backend)
17:38:46.510 [main] INFO  c.c.ComoencasaBackendApplication - No active profile set, falling back to 1 default profile: "default"
17:38:47.728 [main] INFO  o.s.d.r.c.RepositoryConfigurationDelegate - Bootstrapping Spring Data JPA repositories in DEFAULT mode.
17:38:47.951 [main] INFO  o.s.d.r.c.RepositoryConfigurationDelegate - Finished Spring Data repository scanning in 178 ms. Found 5 JPA repository interfaces.
17:38:48.936 [main] INFO  o.s.b.w.e.tomcat.TomcatWebServer - Tomcat initialized with port 8081 (http)
17:38:48.964 [main] INFO  o.a.coyote.http11.Http11NioProtocol - Initializing ProtocolHandler ["http-nio-8081"]
17:38:48.966 [main] INFO  o.a.catalina.core.StandardService - Starting service [Tomcat]
17:38:48.966 [main] INFO  o.a.catalina.core.StandardEngine - Starting Servlet engine: [Apache Tomcat/10.1.40]
17:38:49.041 [main] INFO  o.a.c.c.C.[Tomcat].[localhost].[/] - Initializing Spring embedded WebApplicationContext
17:38:49.042 [main] INFO  o.s.b.w.s.c.ServletWebServerApplicationContext - Root WebApplicationContext: initialization completed in 2471 ms
17:38:49.318 [main] INFO  o.h.jpa.internal.util.LogHelper - HHH000204: Processing PersistenceUnitInfo [name: default]
17:38:49.415 [main] INFO  org.hibernate.Version - HHH000412: Hibernate ORM core version 6.6.13.Final
17:38:49.476 [main] INFO  o.h.c.i.RegionFactoryInitiator - HHH000026: Second-level cache disabled
17:38:50.339 [main] INFO  o.s.o.j.p.SpringPersistenceUnitInfo - No LoadTimeWeaver setup: ignoring JPA class transformer
17:38:50.393 [main] INFO  com.zaxxer.hikari.HikariDataSource - HikariPool-1 - Starting...
17:38:50.890 [main] INFO  com.zaxxer.hikari.pool.HikariPool - HikariPool-1 - Added connection com.mysql.cj.jdbc.ConnectionImpl@3caf5c96
17:38:50.894 [main] INFO  com.zaxxer.hikari.HikariDataSource - HikariPool-1 - Start completed.
17:38:50.990 [main] WARN  org.hibernate.dialect.Dialect - HHH000511: The 5.5.5 version for [org.hibernate.dialect.MySQLDialect] is no longer supported, hence certain features may not work properly. The minimum supported version is 8.0.0. Check the community dialects project for available legacy versions.
17:38:50.996 [main] WARN  org.hibernate.orm.deprecation - HHH90000025: MySQLDialect does not need to be specified explicitly using 'hibernate.dialect' (remove the property setting and it will be selected by default)
17:38:51.026 [main] INFO  o.hibernate.orm.connections.pooling - HHH10001005: Database info:
	Database JDBC URL [Connecting through datasource 'HikariDataSource (HikariPool-1)']
	Database driver: undefined/unknown
	Database version: 5.5.5
	Autocommit mode: undefined/unknown
	Isolation level: undefined/unknown
	Minimum pool size: undefined/unknown
	Maximum pool size: undefined/unknown
17:38:52.727 [main] INFO  o.h.e.t.j.p.i.JtaPlatformInitiator - HHH000489: No JTA platform available (set 'hibernate.transaction.jta.platform' to enable JTA platform integration)
17:38:53.082 [main] INFO  o.s.o.j.LocalContainerEntityManagerFactoryBean - Initialized JPA EntityManagerFactory for persistence unit 'default'
17:38:53.749 [main] INFO  c.c.dao.impl.CarritoDAOImpl - CarritoDAO inicializado con cache Guava - Max: 1000, TTL: 2h
17:38:53.814 [main] INFO  c.c.service.impl.CarritoServiceImpl - CarritoService inicializado con DAO y ProductoService
17:38:53.968 [main] WARN  o.s.b.a.s.s.UserDetailsServiceAutoConfiguration - 

Using generated security password: f41ab02a-2779-46a5-a1cf-d36d73f36e19

This generated password is for development use only. Your security configuration must be updated before running your application in production.

17:38:53.988 [main] INFO  o.s.s.c.a.a.c.InitializeUserDetailsBeanManagerConfigurer$InitializeUserDetailsManagerConfigurer - Global AuthenticationManager configured with UserDetailsService bean with name inMemoryUserDetailsManager
17:38:54.642 [main] INFO  o.a.coyote.http11.Http11NioProtocol - Starting ProtocolHandler ["http-nio-8081"]
17:38:54.660 [main] INFO  o.s.b.w.e.tomcat.TomcatWebServer - Tomcat started on port 8081 (http) with context path '/'
17:38:54.668 [main] INFO  c.c.ComoencasaBackendApplication - Started ComoencasaBackendApplication in 8.979 seconds (process running for 10.024)
17:40:09.815 [http-nio-8081-exec-1] INFO  o.a.c.c.C.[Tomcat].[localhost].[/] - Initializing Spring DispatcherServlet 'dispatcherServlet'
17:40:09.821 [http-nio-8081-exec-1] INFO  o.s.web.servlet.DispatcherServlet - Initializing Servlet 'dispatcherServlet'
17:40:09.841 [http-nio-8081-exec-1] INFO  o.s.web.servlet.DispatcherServlet - Completed initialization in 20 ms
17:54:14.316 [SpringApplicationShutdownHook] INFO  o.s.b.w.e.tomcat.GracefulShutdown - Commencing graceful shutdown. Waiting for active requests to complete
17:54:14.391 [tomcat-shutdown] INFO  o.s.b.w.e.tomcat.GracefulShutdown - Graceful shutdown complete
17:54:14.463 [SpringApplicationShutdownHook] INFO  o.s.o.j.LocalContainerEntityManagerFactoryBean - Closing JPA EntityManagerFactory for persistence unit 'default'
17:54:14.519 [SpringApplicationShutdownHook] INFO  com.zaxxer.hikari.HikariDataSource - HikariPool-1 - Shutdown initiated...
17:54:14.604 [SpringApplicationShutdownHook] INFO  com.zaxxer.hikari.HikariDataSource - HikariPool-1 - Shutdown completed.
17:54:24.076 [main] INFO  c.c.ComoencasaBackendApplication - Starting ComoencasaBackendApplication using Java 24.0.1 with PID 29688 (C:\Users\benja\Downloads\ComoEnCasa\backend\target\classes started by benja in C:\Users\benja\Downloads\ComoEnCasa\backend)
17:54:24.078 [main] INFO  c.c.ComoencasaBackendApplication - No active profile set, falling back to 1 default profile: "default"
17:54:25.141 [main] INFO  o.s.d.r.c.RepositoryConfigurationDelegate - Bootstrapping Spring Data JPA repositories in DEFAULT mode.
17:54:25.248 [main] INFO  o.s.d.r.c.RepositoryConfigurationDelegate - Finished Spring Data repository scanning in 96 ms. Found 5 JPA repository interfaces.
17:54:25.896 [main] INFO  o.s.b.w.e.tomcat.TomcatWebServer - Tomcat initialized with port 8081 (http)
17:54:25.912 [main] INFO  o.a.coyote.http11.Http11NioProtocol - Initializing ProtocolHandler ["http-nio-8081"]
17:54:25.915 [main] INFO  o.a.catalina.core.StandardService - Starting service [Tomcat]
17:54:25.915 [main] INFO  o.a.catalina.core.StandardEngine - Starting Servlet engine: [Apache Tomcat/10.1.40]
17:54:25.979 [main] INFO  o.a.c.c.C.[Tomcat].[localhost].[/] - Initializing Spring embedded WebApplicationContext
17:54:25.980 [main] INFO  o.s.b.w.s.c.ServletWebServerApplicationContext - Root WebApplicationContext: initialization completed in 1837 ms
17:54:26.205 [main] INFO  o.h.jpa.internal.util.LogHelper - HHH000204: Processing PersistenceUnitInfo [name: default]
17:54:26.291 [main] INFO  org.hibernate.Version - HHH000412: Hibernate ORM core version 6.6.13.Final
17:54:26.335 [main] INFO  o.h.c.i.RegionFactoryInitiator - HHH000026: Second-level cache disabled
17:54:26.767 [main] INFO  o.s.o.j.p.SpringPersistenceUnitInfo - No LoadTimeWeaver setup: ignoring JPA class transformer
17:54:26.816 [main] INFO  com.zaxxer.hikari.HikariDataSource - HikariPool-1 - Starting...
17:54:27.056 [main] INFO  com.zaxxer.hikari.pool.HikariPool - HikariPool-1 - Added connection com.mysql.cj.jdbc.ConnectionImpl@315cf170
17:54:27.060 [main] INFO  com.zaxxer.hikari.HikariDataSource - HikariPool-1 - Start completed.
17:54:27.104 [main] WARN  org.hibernate.dialect.Dialect - HHH000511: The 5.5.5 version for [org.hibernate.dialect.MySQLDialect] is no longer supported, hence certain features may not work properly. The minimum supported version is 8.0.0. Check the community dialects project for available legacy versions.
17:54:27.109 [main] WARN  org.hibernate.orm.deprecation - HHH90000025: MySQLDialect does not need to be specified explicitly using 'hibernate.dialect' (remove the property setting and it will be selected by default)
17:54:27.127 [main] INFO  o.hibernate.orm.connections.pooling - HHH10001005: Database info:
	Database JDBC URL [Connecting through datasource 'HikariDataSource (HikariPool-1)']
	Database driver: undefined/unknown
	Database version: 5.5.5
	Autocommit mode: undefined/unknown
	Isolation level: undefined/unknown
	Minimum pool size: undefined/unknown
	Maximum pool size: undefined/unknown
17:54:28.325 [main] INFO  o.h.e.t.j.p.i.JtaPlatformInitiator - HHH000489: No JTA platform available (set 'hibernate.transaction.jta.platform' to enable JTA platform integration)
17:54:28.595 [main] INFO  o.s.o.j.LocalContainerEntityManagerFactoryBean - Initialized JPA EntityManagerFactory for persistence unit 'default'
17:54:29.082 [main] INFO  c.c.dao.impl.CarritoDAOImpl - CarritoDAO inicializado con cache Guava - Max: 1000, TTL: 2h
17:54:29.130 [main] INFO  c.c.service.impl.CarritoServiceImpl - CarritoService inicializado con DAO y ProductoService
17:54:29.261 [main] WARN  o.s.b.a.s.s.UserDetailsServiceAutoConfiguration - 

Using generated security password: c6ac6f8e-c088-4392-b241-9a7a5df512d2

This generated password is for development use only. Your security configuration must be updated before running your application in production.

17:54:29.270 [main] INFO  o.s.s.c.a.a.c.InitializeUserDetailsBeanManagerConfigurer$InitializeUserDetailsManagerConfigurer - Global AuthenticationManager configured with UserDetailsService bean with name inMemoryUserDetailsManager
17:54:29.915 [main] INFO  o.a.coyote.http11.Http11NioProtocol - Starting ProtocolHandler ["http-nio-8081"]
17:54:29.940 [main] INFO  o.s.b.w.e.tomcat.TomcatWebServer - Tomcat started on port 8081 (http) with context path '/'
17:54:29.948 [main] INFO  c.c.ComoencasaBackendApplication - Started ComoencasaBackendApplication in 6.599 seconds (process running for 7.465)
17:55:39.542 [http-nio-8081-exec-1] INFO  o.a.c.c.C.[Tomcat].[localhost].[/] - Initializing Spring DispatcherServlet 'dispatcherServlet'
17:55:39.553 [http-nio-8081-exec-1] INFO  o.s.web.servlet.DispatcherServlet - Initializing Servlet 'dispatcherServlet'
17:55:39.644 [http-nio-8081-exec-1] INFO  o.s.web.servlet.DispatcherServlet - Completed initialization in 90 ms
18:03:06.203 [SpringApplicationShutdownHook] INFO  o.s.b.w.e.tomcat.GracefulShutdown - Commencing graceful shutdown. Waiting for active requests to complete
18:03:06.522 [tomcat-shutdown] INFO  o.s.b.w.e.tomcat.GracefulShutdown - Graceful shutdown complete
18:03:07.004 [SpringApplicationShutdownHook] INFO  o.s.o.j.LocalContainerEntityManagerFactoryBean - Closing JPA EntityManagerFactory for persistence unit 'default'
18:03:07.563 [SpringApplicationShutdownHook] INFO  com.zaxxer.hikari.HikariDataSource - HikariPool-1 - Shutdown initiated...
18:03:08.055 [SpringApplicationShutdownHook] INFO  com.zaxxer.hikari.HikariDataSource - HikariPool-1 - Shutdown completed.
18:04:23.234 [main] INFO  c.c.ComoencasaBackendApplication - Starting ComoencasaBackendApplication using Java 24.0.1 with PID 25236 (C:\Users\benja\Downloads\ComoEnCasa\backend\target\classes started by benja in C:\Users\benja\Downloads\ComoEnCasa\backend)
18:04:23.237 [main] INFO  c.c.ComoencasaBackendApplication - No active profile set, falling back to 1 default profile: "default"
18:04:26.195 [main] INFO  o.s.d.r.c.RepositoryConfigurationDelegate - Bootstrapping Spring Data JPA repositories in DEFAULT mode.
18:04:26.321 [main] INFO  o.s.d.r.c.RepositoryConfigurationDelegate - Finished Spring Data repository scanning in 108 ms. Found 5 JPA repository interfaces.
18:04:27.165 [main] INFO  o.s.b.w.e.tomcat.TomcatWebServer - Tomcat initialized with port 8081 (http)
18:04:27.189 [main] INFO  o.a.coyote.http11.Http11NioProtocol - Initializing ProtocolHandler ["http-nio-8081"]
18:04:27.191 [main] INFO  o.a.catalina.core.StandardService - Starting service [Tomcat]
18:04:27.192 [main] INFO  o.a.catalina.core.StandardEngine - Starting Servlet engine: [Apache Tomcat/10.1.40]
18:04:27.271 [main] INFO  o.a.c.c.C.[Tomcat].[localhost].[/] - Initializing Spring embedded WebApplicationContext
18:04:27.271 [main] INFO  o.s.b.w.s.c.ServletWebServerApplicationContext - Root WebApplicationContext: initialization completed in 3951 ms
18:04:27.506 [main] INFO  o.h.jpa.internal.util.LogHelper - HHH000204: Processing PersistenceUnitInfo [name: default]
18:04:27.613 [main] INFO  org.hibernate.Version - HHH000412: Hibernate ORM core version 6.6.13.Final
18:04:28.369 [main] INFO  o.h.c.i.RegionFactoryInitiator - HHH000026: Second-level cache disabled
18:04:31.734 [main] INFO  o.s.o.j.p.SpringPersistenceUnitInfo - No LoadTimeWeaver setup: ignoring JPA class transformer
18:04:32.009 [main] INFO  com.zaxxer.hikari.HikariDataSource - HikariPool-1 - Starting...
18:04:33.740 [main] INFO  com.zaxxer.hikari.pool.HikariPool - HikariPool-1 - Added connection com.mysql.cj.jdbc.ConnectionImpl@fd87c22
18:04:33.752 [main] INFO  com.zaxxer.hikari.HikariDataSource - HikariPool-1 - Start completed.
18:04:34.064 [main] WARN  org.hibernate.dialect.Dialect - HHH000511: The 5.5.5 version for [org.hibernate.dialect.MySQLDialect] is no longer supported, hence certain features may not work properly. The minimum supported version is 8.0.0. Check the community dialects project for available legacy versions.
18:04:34.119 [main] WARN  org.hibernate.orm.deprecation - HHH90000025: MySQLDialect does not need to be specified explicitly using 'hibernate.dialect' (remove the property setting and it will be selected by default)
18:04:34.356 [main] INFO  o.hibernate.orm.connections.pooling - HHH10001005: Database info:
	Database JDBC URL [Connecting through datasource 'HikariDataSource (HikariPool-1)']
	Database driver: undefined/unknown
	Database version: 5.5.5
	Autocommit mode: undefined/unknown
	Isolation level: undefined/unknown
	Minimum pool size: undefined/unknown
	Maximum pool size: undefined/unknown
18:04:40.654 [main] INFO  o.h.e.t.j.p.i.JtaPlatformInitiator - HHH000489: No JTA platform available (set 'hibernate.transaction.jta.platform' to enable JTA platform integration)
18:04:41.741 [main] INFO  o.s.o.j.LocalContainerEntityManagerFactoryBean - Initialized JPA EntityManagerFactory for persistence unit 'default'
18:04:43.205 [main] INFO  c.c.dao.impl.CarritoDAOImpl - CarritoDAO inicializado con cache Guava - Max: 1000, TTL: 2h
18:04:43.336 [main] INFO  c.c.service.impl.CarritoServiceImpl - CarritoService inicializado con DAO y ProductoService
18:04:43.536 [main] WARN  o.s.b.a.s.s.UserDetailsServiceAutoConfiguration - 

Using generated security password: 45abac6a-30d8-4fa6-b7b9-dd87b660232e

This generated password is for development use only. Your security configuration must be updated before running your application in production.

18:04:43.549 [main] INFO  o.s.s.c.a.a.c.InitializeUserDetailsBeanManagerConfigurer$InitializeUserDetailsManagerConfigurer - Global AuthenticationManager configured with UserDetailsService bean with name inMemoryUserDetailsManager
18:04:45.266 [main] INFO  o.a.coyote.http11.Http11NioProtocol - Starting ProtocolHandler ["http-nio-8081"]
18:04:45.343 [main] INFO  o.s.b.w.e.tomcat.TomcatWebServer - Tomcat started on port 8081 (http) with context path '/'
18:04:45.409 [main] INFO  c.c.ComoencasaBackendApplication - Started ComoencasaBackendApplication in 23.219 seconds (process running for 25.572)
18:10:34.779 [http-nio-8081-exec-1] INFO  o.a.c.c.C.[Tomcat].[localhost].[/] - Initializing Spring DispatcherServlet 'dispatcherServlet'
18:10:34.806 [http-nio-8081-exec-1] INFO  o.s.web.servlet.DispatcherServlet - Initializing Servlet 'dispatcherServlet'
18:10:34.884 [http-nio-8081-exec-1] INFO  o.s.web.servlet.DispatcherServlet - Completed initialization in 75 ms
18:21:30.703 [SpringApplicationShutdownHook] INFO  o.s.b.w.e.tomcat.GracefulShutdown - Commencing graceful shutdown. Waiting for active requests to complete
18:21:31.006 [tomcat-shutdown] INFO  o.s.b.w.e.tomcat.GracefulShutdown - Graceful shutdown complete
18:21:31.160 [SpringApplicationShutdownHook] INFO  o.s.o.j.LocalContainerEntityManagerFactoryBean - Closing JPA EntityManagerFactory for persistence unit 'default'
18:21:31.317 [SpringApplicationShutdownHook] INFO  com.zaxxer.hikari.HikariDataSource - HikariPool-1 - Shutdown initiated...
18:21:31.535 [SpringApplicationShutdownHook] INFO  com.zaxxer.hikari.HikariDataSource - HikariPool-1 - Shutdown completed.
18:21:51.321 [main] INFO  c.c.ComoencasaBackendApplication - Starting ComoencasaBackendApplication using Java 24.0.1 with PID 26036 (C:\Users\benja\Downloads\ComoEnCasa\backend\target\classes started by benja in C:\Users\benja\Downloads\ComoEnCasa\backend)
18:21:51.325 [main] INFO  c.c.ComoencasaBackendApplication - No active profile set, falling back to 1 default profile: "default"
18:21:53.074 [main] INFO  o.s.d.r.c.RepositoryConfigurationDelegate - Bootstrapping Spring Data JPA repositories in DEFAULT mode.
18:21:53.213 [main] INFO  o.s.d.r.c.RepositoryConfigurationDelegate - Finished Spring Data repository scanning in 119 ms. Found 5 JPA repository interfaces.
18:21:54.368 [main] INFO  o.s.b.w.e.tomcat.TomcatWebServer - Tomcat initialized with port 8081 (http)
18:21:54.417 [main] INFO  o.a.coyote.http11.Http11NioProtocol - Initializing ProtocolHandler ["http-nio-8081"]
18:21:54.421 [main] INFO  o.a.catalina.core.StandardService - Starting service [Tomcat]
18:21:54.422 [main] INFO  o.a.catalina.core.StandardEngine - Starting Servlet engine: [Apache Tomcat/10.1.40]
18:21:54.593 [main] INFO  o.a.c.c.C.[Tomcat].[localhost].[/] - Initializing Spring embedded WebApplicationContext
18:21:54.595 [main] INFO  o.s.b.w.s.c.ServletWebServerApplicationContext - Root WebApplicationContext: initialization completed in 3192 ms
18:21:54.957 [main] INFO  o.h.jpa.internal.util.LogHelper - HHH000204: Processing PersistenceUnitInfo [name: default]
18:21:55.155 [main] INFO  org.hibernate.Version - HHH000412: Hibernate ORM core version 6.6.13.Final
18:21:55.242 [main] INFO  o.h.c.i.RegionFactoryInitiator - HHH000026: Second-level cache disabled
18:21:56.282 [main] INFO  o.s.o.j.p.SpringPersistenceUnitInfo - No LoadTimeWeaver setup: ignoring JPA class transformer
18:21:56.364 [main] INFO  com.zaxxer.hikari.HikariDataSource - HikariPool-1 - Starting...
18:21:56.830 [main] INFO  com.zaxxer.hikari.pool.HikariPool - HikariPool-1 - Added connection com.mysql.cj.jdbc.ConnectionImpl@7e1a9173
18:21:56.835 [main] INFO  com.zaxxer.hikari.HikariDataSource - HikariPool-1 - Start completed.
18:21:56.992 [main] WARN  org.hibernate.dialect.Dialect - HHH000511: The 5.5.5 version for [org.hibernate.dialect.MySQLDialect] is no longer supported, hence certain features may not work properly. The minimum supported version is 8.0.0. Check the community dialects project for available legacy versions.
18:21:57.004 [main] WARN  org.hibernate.orm.deprecation - HHH90000025: MySQLDialect does not need to be specified explicitly using 'hibernate.dialect' (remove the property setting and it will be selected by default)
18:21:57.048 [main] INFO  o.hibernate.orm.connections.pooling - HHH10001005: Database info:
	Database JDBC URL [Connecting through datasource 'HikariDataSource (HikariPool-1)']
	Database driver: undefined/unknown
	Database version: 5.5.5
	Autocommit mode: undefined/unknown
	Isolation level: undefined/unknown
	Minimum pool size: undefined/unknown
	Maximum pool size: undefined/unknown
18:21:59.449 [main] INFO  o.h.e.t.j.p.i.JtaPlatformInitiator - HHH000489: No JTA platform available (set 'hibernate.transaction.jta.platform' to enable JTA platform integration)
18:21:59.873 [main] INFO  o.s.o.j.LocalContainerEntityManagerFactoryBean - Initialized JPA EntityManagerFactory for persistence unit 'default'
18:22:00.631 [main] INFO  c.c.dao.impl.CarritoDAOImpl - CarritoDAO inicializado con cache Guava - Max: 1000, TTL: 2h
18:22:00.723 [main] INFO  c.c.service.impl.CarritoServiceImpl - CarritoService inicializado con DAO y ProductoService
18:22:00.996 [main] WARN  o.s.b.a.s.s.UserDetailsServiceAutoConfiguration - 

Using generated security password: 2df51e32-c6dc-44dc-92a7-3cc83b3a3f6f

This generated password is for development use only. Your security configuration must be updated before running your application in production.

18:22:01.017 [main] INFO  o.s.s.c.a.a.c.InitializeUserDetailsBeanManagerConfigurer$InitializeUserDetailsManagerConfigurer - Global AuthenticationManager configured with UserDetailsService bean with name inMemoryUserDetailsManager
18:22:02.087 [main] INFO  o.a.coyote.http11.Http11NioProtocol - Starting ProtocolHandler ["http-nio-8081"]
18:22:02.110 [main] INFO  o.s.b.w.e.tomcat.TomcatWebServer - Tomcat started on port 8081 (http) with context path '/'
18:22:02.128 [main] INFO  c.c.ComoencasaBackendApplication - Started ComoencasaBackendApplication in 11.95 seconds (process running for 13.344)
18:22:44.510 [http-nio-8081-exec-1] INFO  o.a.c.c.C.[Tomcat].[localhost].[/] - Initializing Spring DispatcherServlet 'dispatcherServlet'
18:22:44.517 [http-nio-8081-exec-1] INFO  o.s.web.servlet.DispatcherServlet - Initializing Servlet 'dispatcherServlet'
18:22:44.532 [http-nio-8081-exec-1] INFO  o.s.web.servlet.DispatcherServlet - Completed initialization in 14 ms
18:32:03.330 [SpringApplicationShutdownHook] INFO  o.s.b.w.e.tomcat.GracefulShutdown - Commencing graceful shutdown. Waiting for active requests to complete
18:32:03.522 [tomcat-shutdown] INFO  o.s.b.w.e.tomcat.GracefulShutdown - Graceful shutdown complete
18:32:03.764 [SpringApplicationShutdownHook] INFO  o.s.o.j.LocalContainerEntityManagerFactoryBean - Closing JPA EntityManagerFactory for persistence unit 'default'
18:32:04.038 [SpringApplicationShutdownHook] INFO  com.zaxxer.hikari.HikariDataSource - HikariPool-1 - Shutdown initiated...
18:32:04.458 [SpringApplicationShutdownHook] INFO  com.zaxxer.hikari.HikariDataSource - HikariPool-1 - Shutdown completed.
18:32:27.264 [main] INFO  c.c.ComoencasaBackendApplication - Starting ComoencasaBackendApplication using Java 24.0.1 with PID 26692 (C:\Users\benja\Downloads\ComoEnCasa\backend\target\classes started by benja in C:\Users\benja\Downloads\ComoEnCasa\backend)
18:32:27.267 [main] INFO  c.c.ComoencasaBackendApplication - No active profile set, falling back to 1 default profile: "default"
18:32:29.638 [main] INFO  o.s.d.r.c.RepositoryConfigurationDelegate - Bootstrapping Spring Data JPA repositories in DEFAULT mode.
18:32:29.779 [main] INFO  o.s.d.r.c.RepositoryConfigurationDelegate - Finished Spring Data repository scanning in 124 ms. Found 5 JPA repository interfaces.
18:32:30.878 [main] INFO  o.s.b.w.e.tomcat.TomcatWebServer - Tomcat initialized with port 8081 (http)
18:32:30.913 [main] INFO  o.a.coyote.http11.Http11NioProtocol - Initializing ProtocolHandler ["http-nio-8081"]
18:32:30.917 [main] INFO  o.a.catalina.core.StandardService - Starting service [Tomcat]
18:32:30.917 [main] INFO  o.a.catalina.core.StandardEngine - Starting Servlet engine: [Apache Tomcat/10.1.40]
18:32:31.038 [main] INFO  o.a.c.c.C.[Tomcat].[localhost].[/] - Initializing Spring embedded WebApplicationContext
18:32:31.039 [main] INFO  o.s.b.w.s.c.ServletWebServerApplicationContext - Root WebApplicationContext: initialization completed in 3689 ms
18:32:31.337 [main] INFO  o.h.jpa.internal.util.LogHelper - HHH000204: Processing PersistenceUnitInfo [name: default]
18:32:31.450 [main] INFO  org.hibernate.Version - HHH000412: Hibernate ORM core version 6.6.13.Final
18:32:31.520 [main] INFO  o.h.c.i.RegionFactoryInitiator - HHH000026: Second-level cache disabled
18:32:32.205 [main] INFO  o.s.o.j.p.SpringPersistenceUnitInfo - No LoadTimeWeaver setup: ignoring JPA class transformer
18:32:32.258 [main] INFO  com.zaxxer.hikari.HikariDataSource - HikariPool-1 - Starting...
18:32:32.519 [main] INFO  com.zaxxer.hikari.pool.HikariPool - HikariPool-1 - Added connection com.mysql.cj.jdbc.ConnectionImpl@1d2046bb
18:32:32.523 [main] INFO  com.zaxxer.hikari.HikariDataSource - HikariPool-1 - Start completed.
18:32:32.595 [main] WARN  org.hibernate.dialect.Dialect - HHH000511: The 5.5.5 version for [org.hibernate.dialect.MySQLDialect] is no longer supported, hence certain features may not work properly. The minimum supported version is 8.0.0. Check the community dialects project for available legacy versions.
18:32:32.602 [main] WARN  org.hibernate.orm.deprecation - HHH90000025: MySQLDialect does not need to be specified explicitly using 'hibernate.dialect' (remove the property setting and it will be selected by default)
18:32:32.631 [main] INFO  o.hibernate.orm.connections.pooling - HHH10001005: Database info:
	Database JDBC URL [Connecting through datasource 'HikariDataSource (HikariPool-1)']
	Database driver: undefined/unknown
	Database version: 5.5.5
	Autocommit mode: undefined/unknown
	Isolation level: undefined/unknown
	Minimum pool size: undefined/unknown
	Maximum pool size: undefined/unknown
18:32:35.614 [main] INFO  o.h.e.t.j.p.i.JtaPlatformInitiator - HHH000489: No JTA platform available (set 'hibernate.transaction.jta.platform' to enable JTA platform integration)
18:32:36.031 [main] INFO  o.s.o.j.LocalContainerEntityManagerFactoryBean - Initialized JPA EntityManagerFactory for persistence unit 'default'
18:32:37.416 [main] INFO  c.c.dao.impl.CarritoDAOImpl - CarritoDAO inicializado con cache Guava - Max: 1000, TTL: 2h
18:32:37.536 [main] INFO  c.c.service.impl.CarritoServiceImpl - CarritoService inicializado con DAO y ProductoService
18:32:38.106 [main] WARN  o.s.b.a.s.s.UserDetailsServiceAutoConfiguration - 

Using generated security password: c23f4a52-3ee3-4c93-bc2c-af39ee01157c

This generated password is for development use only. Your security configuration must be updated before running your application in production.

18:32:38.130 [main] INFO  o.s.s.c.a.a.c.InitializeUserDetailsBeanManagerConfigurer$InitializeUserDetailsManagerConfigurer - Global AuthenticationManager configured with UserDetailsService bean with name inMemoryUserDetailsManager
18:32:39.955 [main] INFO  o.a.coyote.http11.Http11NioProtocol - Starting ProtocolHandler ["http-nio-8081"]
18:32:40.024 [main] INFO  o.s.b.w.e.tomcat.TomcatWebServer - Tomcat started on port 8081 (http) with context path '/'
18:32:40.058 [main] INFO  c.c.ComoencasaBackendApplication - Started ComoencasaBackendApplication in 13.886 seconds (process running for 14.848)
18:33:07.115 [http-nio-8081-exec-1] INFO  o.a.c.c.C.[Tomcat].[localhost].[/] - Initializing Spring DispatcherServlet 'dispatcherServlet'
18:33:07.124 [http-nio-8081-exec-1] INFO  o.s.web.servlet.DispatcherServlet - Initializing Servlet 'dispatcherServlet'
18:33:07.150 [http-nio-8081-exec-1] INFO  o.s.web.servlet.DispatcherServlet - Completed initialization in 25 ms
18:40:25.000 [SpringApplicationShutdownHook] INFO  o.s.b.w.e.tomcat.GracefulShutdown - Commencing graceful shutdown. Waiting for active requests to complete
18:40:25.074 [tomcat-shutdown] INFO  o.s.b.w.e.tomcat.GracefulShutdown - Graceful shutdown complete
18:40:25.160 [SpringApplicationShutdownHook] INFO  o.s.o.j.LocalContainerEntityManagerFactoryBean - Closing JPA EntityManagerFactory for persistence unit 'default'
18:40:25.241 [SpringApplicationShutdownHook] INFO  com.zaxxer.hikari.HikariDataSource - HikariPool-1 - Shutdown initiated...
18:40:25.432 [SpringApplicationShutdownHook] INFO  com.zaxxer.hikari.HikariDataSource - HikariPool-1 - Shutdown completed.
18:40:42.792 [main] INFO  c.c.ComoencasaBackendApplication - Starting ComoencasaBackendApplication using Java 24.0.1 with PID 22408 (C:\Users\benja\Downloads\ComoEnCasa\backend\target\classes started by benja in C:\Users\benja\Downloads\ComoEnCasa\backend)
18:40:42.794 [main] INFO  c.c.ComoencasaBackendApplication - No active profile set, falling back to 1 default profile: "default"
18:40:44.091 [main] INFO  o.s.d.r.c.RepositoryConfigurationDelegate - Bootstrapping Spring Data JPA repositories in DEFAULT mode.
18:40:44.223 [main] INFO  o.s.d.r.c.RepositoryConfigurationDelegate - Finished Spring Data repository scanning in 114 ms. Found 5 JPA repository interfaces.
18:40:45.766 [main] INFO  o.s.b.w.e.tomcat.TomcatWebServer - Tomcat initialized with port 8081 (http)
18:40:45.801 [main] INFO  o.a.coyote.http11.Http11NioProtocol - Initializing ProtocolHandler ["http-nio-8081"]
18:40:45.805 [main] INFO  o.a.catalina.core.StandardService - Starting service [Tomcat]
18:40:45.805 [main] INFO  o.a.catalina.core.StandardEngine - Starting Servlet engine: [Apache Tomcat/10.1.40]
18:40:45.910 [main] INFO  o.a.c.c.C.[Tomcat].[localhost].[/] - Initializing Spring embedded WebApplicationContext
18:40:45.911 [main] INFO  o.s.b.w.s.c.ServletWebServerApplicationContext - Root WebApplicationContext: initialization completed in 3045 ms
18:40:46.205 [main] INFO  o.h.jpa.internal.util.LogHelper - HHH000204: Processing PersistenceUnitInfo [name: default]
18:40:46.337 [main] INFO  org.hibernate.Version - HHH000412: Hibernate ORM core version 6.6.13.Final
18:40:46.419 [main] INFO  o.h.c.i.RegionFactoryInitiator - HHH000026: Second-level cache disabled
18:40:47.859 [main] INFO  o.s.o.j.p.SpringPersistenceUnitInfo - No LoadTimeWeaver setup: ignoring JPA class transformer
18:40:47.998 [main] INFO  com.zaxxer.hikari.HikariDataSource - HikariPool-1 - Starting...
18:40:48.649 [main] INFO  com.zaxxer.hikari.pool.HikariPool - HikariPool-1 - Added connection com.mysql.cj.jdbc.ConnectionImpl@abc7005
18:40:48.656 [main] INFO  com.zaxxer.hikari.HikariDataSource - HikariPool-1 - Start completed.
18:40:48.814 [main] WARN  org.hibernate.dialect.Dialect - HHH000511: The 5.5.5 version for [org.hibernate.dialect.MySQLDialect] is no longer supported, hence certain features may not work properly. The minimum supported version is 8.0.0. Check the community dialects project for available legacy versions.
18:40:48.836 [main] WARN  org.hibernate.orm.deprecation - HHH90000025: MySQLDialect does not need to be specified explicitly using 'hibernate.dialect' (remove the property setting and it will be selected by default)
18:40:48.912 [main] INFO  o.hibernate.orm.connections.pooling - HHH10001005: Database info:
	Database JDBC URL [Connecting through datasource 'HikariDataSource (HikariPool-1)']
	Database driver: undefined/unknown
	Database version: 5.5.5
	Autocommit mode: undefined/unknown
	Isolation level: undefined/unknown
	Minimum pool size: undefined/unknown
	Maximum pool size: undefined/unknown
18:40:52.980 [main] INFO  o.h.e.t.j.p.i.JtaPlatformInitiator - HHH000489: No JTA platform available (set 'hibernate.transaction.jta.platform' to enable JTA platform integration)
18:40:53.466 [main] INFO  o.s.o.j.LocalContainerEntityManagerFactoryBean - Initialized JPA EntityManagerFactory for persistence unit 'default'
18:40:54.766 [main] INFO  c.c.dao.impl.CarritoDAOImpl - CarritoDAO inicializado con cache Guava - Max: 1000, TTL: 2h
18:40:54.916 [main] INFO  c.c.service.impl.CarritoServiceImpl - CarritoService inicializado con DAO y ProductoService
18:40:55.339 [main] WARN  o.s.b.a.s.s.UserDetailsServiceAutoConfiguration - 

Using generated security password: a0dc19c0-6c5e-425a-87f2-bcca073f81bb

This generated password is for development use only. Your security configuration must be updated before running your application in production.

18:40:55.361 [main] INFO  o.s.s.c.a.a.c.InitializeUserDetailsBeanManagerConfigurer$InitializeUserDetailsManagerConfigurer - Global AuthenticationManager configured with UserDetailsService bean with name inMemoryUserDetailsManager
18:40:57.328 [main] INFO  o.a.coyote.http11.Http11NioProtocol - Starting ProtocolHandler ["http-nio-8081"]
18:40:57.401 [main] INFO  o.s.b.w.e.tomcat.TomcatWebServer - Tomcat started on port 8081 (http) with context path '/'
18:40:57.424 [main] INFO  c.c.ComoencasaBackendApplication - Started ComoencasaBackendApplication in 16.013 seconds (process running for 18.717)
18:41:05.207 [http-nio-8081-exec-1] INFO  o.a.c.c.C.[Tomcat].[localhost].[/] - Initializing Spring DispatcherServlet 'dispatcherServlet'
18:41:05.207 [http-nio-8081-exec-1] INFO  o.s.web.servlet.DispatcherServlet - Initializing Servlet 'dispatcherServlet'
18:41:05.209 [http-nio-8081-exec-1] INFO  o.s.web.servlet.DispatcherServlet - Completed initialization in 2 ms
18:53:11.476 [SpringApplicationShutdownHook] INFO  o.s.b.w.e.tomcat.GracefulShutdown - Commencing graceful shutdown. Waiting for active requests to complete
18:53:12.324 [tomcat-shutdown] INFO  o.s.b.w.e.tomcat.GracefulShutdown - Graceful shutdown complete
18:53:12.831 [SpringApplicationShutdownHook] INFO  o.s.o.j.LocalContainerEntityManagerFactoryBean - Closing JPA EntityManagerFactory for persistence unit 'default'
18:53:13.346 [SpringApplicationShutdownHook] INFO  com.zaxxer.hikari.HikariDataSource - HikariPool-1 - Shutdown initiated...
18:53:14.522 [SpringApplicationShutdownHook] INFO  com.zaxxer.hikari.HikariDataSource - HikariPool-1 - Shutdown completed.
18:53:33.988 [main] INFO  c.c.ComoencasaBackendApplication - Starting ComoencasaBackendApplication using Java 24.0.1 with PID 13748 (C:\Users\benja\Downloads\ComoEnCasa\backend\target\classes started by benja in C:\Users\benja\Downloads\ComoEnCasa\backend)
18:53:33.991 [main] INFO  c.c.ComoencasaBackendApplication - No active profile set, falling back to 1 default profile: "default"
18:53:35.681 [main] INFO  o.s.d.r.c.RepositoryConfigurationDelegate - Bootstrapping Spring Data JPA repositories in DEFAULT mode.
18:53:35.896 [main] INFO  o.s.d.r.c.RepositoryConfigurationDelegate - Finished Spring Data repository scanning in 189 ms. Found 5 JPA repository interfaces.
18:53:36.900 [main] INFO  o.s.b.w.e.tomcat.TomcatWebServer - Tomcat initialized with port 8081 (http)
18:53:36.926 [main] INFO  o.a.coyote.http11.Http11NioProtocol - Initializing ProtocolHandler ["http-nio-8081"]
18:53:36.929 [main] INFO  o.a.catalina.core.StandardService - Starting service [Tomcat]
18:53:36.931 [main] INFO  o.a.catalina.core.StandardEngine - Starting Servlet engine: [Apache Tomcat/10.1.40]
18:53:37.026 [main] INFO  o.a.c.c.C.[Tomcat].[localhost].[/] - Initializing Spring embedded WebApplicationContext
18:53:37.027 [main] INFO  o.s.b.w.s.c.ServletWebServerApplicationContext - Root WebApplicationContext: initialization completed in 2925 ms
18:53:37.321 [main] INFO  o.h.jpa.internal.util.LogHelper - HHH000204: Processing PersistenceUnitInfo [name: default]
18:53:37.420 [main] INFO  org.hibernate.Version - HHH000412: Hibernate ORM core version 6.6.13.Final
18:53:37.519 [main] INFO  o.h.c.i.RegionFactoryInitiator - HHH000026: Second-level cache disabled
18:53:38.205 [main] INFO  o.s.o.j.p.SpringPersistenceUnitInfo - No LoadTimeWeaver setup: ignoring JPA class transformer
18:53:38.307 [main] INFO  com.zaxxer.hikari.HikariDataSource - HikariPool-1 - Starting...
18:53:39.028 [main] INFO  com.zaxxer.hikari.pool.HikariPool - HikariPool-1 - Added connection com.mysql.cj.jdbc.ConnectionImpl@1be77a76
18:53:39.035 [main] INFO  com.zaxxer.hikari.HikariDataSource - HikariPool-1 - Start completed.
18:53:39.165 [main] WARN  org.hibernate.dialect.Dialect - HHH000511: The 5.5.5 version for [org.hibernate.dialect.MySQLDialect] is no longer supported, hence certain features may not work properly. The minimum supported version is 8.0.0. Check the community dialects project for available legacy versions.
18:53:39.184 [main] WARN  org.hibernate.orm.deprecation - HHH90000025: MySQLDialect does not need to be specified explicitly using 'hibernate.dialect' (remove the property setting and it will be selected by default)
18:53:39.241 [main] INFO  o.hibernate.orm.connections.pooling - HHH10001005: Database info:
	Database JDBC URL [Connecting through datasource 'HikariDataSource (HikariPool-1)']
	Database driver: undefined/unknown
	Database version: 5.5.5
	Autocommit mode: undefined/unknown
	Isolation level: undefined/unknown
	Minimum pool size: undefined/unknown
	Maximum pool size: undefined/unknown
18:53:41.579 [main] INFO  o.h.e.t.j.p.i.JtaPlatformInitiator - HHH000489: No JTA platform available (set 'hibernate.transaction.jta.platform' to enable JTA platform integration)
18:53:42.209 [main] INFO  o.s.o.j.LocalContainerEntityManagerFactoryBean - Initialized JPA EntityManagerFactory for persistence unit 'default'
18:53:42.853 [main] INFO  c.c.dao.impl.CarritoDAOImpl - CarritoDAO inicializado con cache Guava - Max: 1000, TTL: 2h
18:53:42.902 [main] INFO  c.c.service.impl.CarritoServiceImpl - CarritoService inicializado con DAO y ProductoService
18:53:43.125 [main] WARN  o.s.b.a.s.s.UserDetailsServiceAutoConfiguration - 

Using generated security password: c9ba3559-e987-42fa-a8d6-4f66a8923c70

This generated password is for development use only. Your security configuration must be updated before running your application in production.

18:53:43.141 [main] INFO  o.s.s.c.a.a.c.InitializeUserDetailsBeanManagerConfigurer$InitializeUserDetailsManagerConfigurer - Global AuthenticationManager configured with UserDetailsService bean with name inMemoryUserDetailsManager
18:53:43.885 [main] INFO  o.a.coyote.http11.Http11NioProtocol - Starting ProtocolHandler ["http-nio-8081"]
18:53:43.908 [main] INFO  o.s.b.w.e.tomcat.TomcatWebServer - Tomcat started on port 8081 (http) with context path '/'
18:53:43.919 [main] INFO  c.c.ComoencasaBackendApplication - Started ComoencasaBackendApplication in 11.52 seconds (process running for 12.636)
18:54:09.170 [http-nio-8081-exec-1] INFO  o.a.c.c.C.[Tomcat].[localhost].[/] - Initializing Spring DispatcherServlet 'dispatcherServlet'
18:54:09.174 [http-nio-8081-exec-1] INFO  o.s.web.servlet.DispatcherServlet - Initializing Servlet 'dispatcherServlet'
18:54:09.185 [http-nio-8081-exec-1] INFO  o.s.web.servlet.DispatcherServlet - Completed initialization in 11 ms
19:05:25.377 [SpringApplicationShutdownHook] INFO  o.s.b.w.e.tomcat.GracefulShutdown - Commencing graceful shutdown. Waiting for active requests to complete
19:05:25.476 [tomcat-shutdown] INFO  o.s.b.w.e.tomcat.GracefulShutdown - Graceful shutdown complete
19:05:25.602 [SpringApplicationShutdownHook] INFO  o.s.o.j.LocalContainerEntityManagerFactoryBean - Closing JPA EntityManagerFactory for persistence unit 'default'
19:05:25.685 [SpringApplicationShutdownHook] INFO  com.zaxxer.hikari.HikariDataSource - HikariPool-1 - Shutdown initiated...
19:05:25.826 [SpringApplicationShutdownHook] INFO  com.zaxxer.hikari.HikariDataSource - HikariPool-1 - Shutdown completed.
