2025-06-20 15:49:54.554 [http-nio-8081-exec-9] INFO  c.c.controller.AuthController - Obteniendo perfil del usuario ID: 5
2025-06-20 15:49:54.563 [http-nio-8081-exec-10] INFO  c.c.controller.AuthController - Obteniendo perfil del usuario ID: 5
2025-06-20 15:52:10.975 [http-nio-8081-exec-6] INFO  c.c.controller.AuthController - Login recibido para: dav***@gmail.com
2025-06-20 16:19:10.337 [http-nio-8081-exec-10] ERROR c.c.controller.AuthController - Error al obtener recomendaciones: Range [0, 1) out of bounds for length 0
2025-06-20 16:19:10.344 [http-nio-8081-exec-1] ERROR c.c.controller.AuthController - Error al obtener recomendaciones: Range [0, 1) out of bounds for length 0
2025-06-20 16:19:13.117 [http-nio-8081-exec-4] ERROR c.c.controller.AuthController - Error al obtener recomendaciones: Range [0, 1) out of bounds for length 0
2025-06-20 16:19:13.127 [http-nio-8081-exec-2] ERROR c.c.controller.AuthController - Error al obtener recomendaciones: Range [0, 1) out of bounds for length 0
2025-06-20 16:19:13.830 [http-nio-8081-exec-7] ERROR c.c.controller.AuthController - Error al obtener recomendaciones: Range [0, 1) out of bounds for length 0
2025-06-20 16:19:13.835 [http-nio-8081-exec-10] ERROR c.c.controller.AuthController - Error al obtener recomendaciones: Range [0, 1) out of bounds for length 0
2025-06-20 16:19:45.219 [http-nio-8081-exec-3] ERROR c.c.controller.AuthController - Error al obtener recomendaciones: Range [0, 1) out of bounds for length 0
2025-06-20 16:19:52.750 [http-nio-8081-exec-5] ERROR c.c.controller.AuthController - Error al obtener recomendaciones: Range [0, 1) out of bounds for length 0
2025-06-20 16:19:52.757 [http-nio-8081-exec-6] ERROR c.c.controller.AuthController - Error al obtener recomendaciones: Range [0, 1) out of bounds for length 0
2025-06-20 16:20:08.999 [http-nio-8081-exec-1] ERROR c.c.controller.AuthController - Error al obtener recomendaciones: Range [0, 1) out of bounds for length 0
2025-06-20 16:20:09.004 [http-nio-8081-exec-3] ERROR c.c.controller.AuthController - Error al obtener recomendaciones: Range [0, 1) out of bounds for length 0
2025-06-20 16:20:09.656 [http-nio-8081-exec-5] ERROR c.c.controller.AuthController - Error al obtener recomendaciones: Range [0, 1) out of bounds for length 0
2025-06-20 16:20:09.660 [http-nio-8081-exec-2] ERROR c.c.controller.AuthController - Error al obtener recomendaciones: Range [0, 1) out of bounds for length 0
2025-06-20 16:20:24.342 [http-nio-8081-exec-10] ERROR c.c.controller.AuthController - Error al obtener recomendaciones: Range [0, 1) out of bounds for length 0
2025-06-20 16:20:24.342 [http-nio-8081-exec-4] ERROR c.c.controller.AuthController - Error al obtener recomendaciones: Range [0, 1) out of bounds for length 0
2025-06-20 16:21:41.615 [http-nio-8081-exec-6] ERROR c.c.controller.AuthController - Error al obtener recomendaciones: Range [0, 1) out of bounds for length 0
2025-06-20 16:21:41.615 [http-nio-8081-exec-5] ERROR c.c.controller.AuthController - Error al obtener recomendaciones: Range [0, 1) out of bounds for length 0
2025-06-20 16:22:01.434 [http-nio-8081-exec-8] ERROR c.c.controller.AuthController - Error al obtener recomendaciones: Range [0, 1) out of bounds for length 0
2025-06-20 16:22:01.441 [http-nio-8081-exec-10] ERROR c.c.controller.AuthController - Error al obtener recomendaciones: Range [0, 1) out of bounds for length 0
2025-06-20 16:22:03.474 [http-nio-8081-exec-6] ERROR c.c.controller.AuthController - Error al obtener recomendaciones: Range [0, 1) out of bounds for length 0
2025-06-20 16:22:03.479 [http-nio-8081-exec-1] ERROR c.c.controller.AuthController - Error al obtener recomendaciones: Range [0, 1) out of bounds for length 0
2025-06-20 16:39:15.521 [http-nio-8081-exec-4] INFO  c.c.controller.AuthController - Encontrados 2 usuarios con recomendaciones
2025-06-20 16:39:15.522 [http-nio-8081-exec-4] INFO  c.c.controller.AuthController - Retornando 2 recomendaciones válidas
2025-06-20 16:39:15.551 [http-nio-8081-exec-5] INFO  c.c.controller.AuthController - Encontrados 2 usuarios con recomendaciones
2025-06-20 16:39:15.551 [http-nio-8081-exec-5] INFO  c.c.controller.AuthController - Retornando 2 recomendaciones válidas
